#
# A fatal error has been detected by the Java Runtime Environment:
#
#  SIGSEGV (0xb) at pc=0x0000000126093381, pid=19356, tid=1811
#
# JRE version: Java(TM) SE Runtime Environment (8.0_20-b26) (build 1.8.0_20-b26)
# Java VM: Java HotSpot(TM) 64-Bit Server VM (25.20-b23 mixed mode bsd-amd64 compressed oops)
# Problematic frame:
# C  [libglass.dylib+0x16381]  GlassScreenDidChangeScreenParameters+0x21
#
# Failed to write core dump. Core dumps have been disabled. To enable core dumping, try "ulimit -c unlimited" before starting Java again
#
# If you would like to submit a bug report, please visit:
#   http://bugreport.sun.com/bugreport/crash.jsp
#

---------------  T H R E A D  ---------------

Current thread is native thread

siginfo: si_signo: 11 (SIGSEGV), si_code: 1 (SEGV_MAPERR), si_addr: 0x0000000000000000

Registers:
RAX=0x00000001260c5d48, RBX=0x0000000000000000, RCX=0xc100c204e2086261, RDX=0x00007fff7df201f8
RSP=0x00007fff53d4b320, RBP=0x00007fff53d4b330, RSI=0x00007fef91d04d78, RDI=0x0000000000000000
R8 =0x00007fff53d4b1d0, R9 =0x00007fff7e1a7300, R10=0x0000000000000000, R11=0x0000000000000246
R12=0x00007fef91e10410, R13=0x00000000000f426a, R14=0x00007fef91d26e10, R15=0x00007fff53d4b470
RIP=0x0000000126093381, EFLAGS=0x0000000000010246, ERR=0x0000000000000004
  TRAPNO=0x000000000000000e

Top of Stack: (sp=0x00007fff53d4b320)
0x00007fff53d4b320:   00007fff53d4b500 00007fef91d26e10
0x00007fff53d4b330:   00007fff53d4b340 00007fff984e545c
0x00007fff53d4b340:   00007fff53d4b6a0 00007fff983d5634
0x00007fff53d4b350:   00007fff53d4b3a0 0000000000000a00
0x00007fff53d4b360:   00007fff7ec3bed0 00007fef91e2d700
0x00007fff53d4b370:   0000000000001001 0000000000000270
0x00007fff53d4b380:   00007fef91e2d700 00007fef91d26e10
0x00007fff53d4b390:   0000000000000000 00007fff53d4b470
0x00007fff53d4b3a0:   0000000000000000 00007fef91d2ed00
0x00007fff53d4b3b0:   00007fff53d4b4f0 000000000000001a
0x00007fff53d4b3c0:   00000000000f4288 00007fef91d39a50
0x00007fff53d4b3d0:   00007fef91f30de0 00007fef91e10410
0x00007fff53d4b3e0:   0000000000000001 00000000000f426a
0x00007fff53d4b3f0:   00007fef91e10400 00007fff906a2acb
0x00007fff53d4b400:   0000000000000001 0000000000000001
0x00007fff53d4b410:   0000000000000030 0000000000000001
0x00007fff53d4b420:   00007fff53d4b440 00007fff906a8231
0x00007fff53d4b430:   00007fff7ec39fb0 0000000000000000
0x00007fff53d4b440:   00007fff53d4b460 0000000000000000
0x00007fff53d4b450:   0000310391c0eb90 00007fef91e10434
0x00007fff53d4b460:   0000000000000000 00007fff983cb10f
0x00007fff53d4b470:   00007fef91d26e10 00007fff7ec39fb0
0x00007fff53d4b480:   00007fff53d4b500 0000000000000005
0x00007fff53d4b490:   00007fff53d4b4d0 00007fff906a253e
0x00007fff53d4b4a0:   000000010becfa00 0000000000000002
0x00007fff53d4b4b0:   000000010becc000 00007fef91d39472
0x00007fff53d4b4c0:   0000000000000003 000000010bed0400
0x00007fff53d4b4d0:   00007fff53d4b5c0 00007fff906a12a2
0x00007fff53d4b4e0:   00007fef91c686d0 00007fff53d4b6a8
0x00007fff53d4b4f0:   0000000000000017 0000000000000000
0x00007fff53d4b500:   00000000000f426a 00007fff983cb403
0x00007fff53d4b510:   00007fff00000000 00007fef91f35590 

Instructions: (pc=0x0000000126093381)
0x0000000126093361:   48 89 e5 41 56 53 48 8d 05 d2 2a 03 00 48 83 38
0x0000000126093371:   00 48 89 fb 75 72 48 8d 05 ca 29 03 00 48 8b 30
0x0000000126093381:   48 8b 03 48 8d 15 7c 99 01 00 48 8d 0d 5e 6f 01
0x0000000126093391:   00 48 89 df ff 90 88 03 00 00 48 8d 0d 9e 2a 03 

Register to memory mapping:

RAX=0x00000001260c5d48: jScreenClass+0 in /Library/Java/JavaVirtualMachines/jdk1.8.0_20.jdk/Contents/Home/jre/lib/libglass.dylib at 0x000000012607d000
RBX=0x0000000000000000 is an unknown value
RCX=0xc100c204e2086261 is an unknown value
RDX=0x00007fff7df201f8: __sFX+0x1c8 in /usr/lib/system/libsystem_c.dylib at 0x00007fff927d7000
RSP=0x00007fff53d4b320 is an unknown value
RBP=0x00007fff53d4b330 is an unknown value
RSI=0x00007fef91d04d78 is a global jni handle
RDI=0x0000000000000000 is an unknown value
R8 =0x00007fff53d4b1d0 is an unknown value
R9 =0x00007fff7e1a7300: _thread+0 in /usr/lib/system/libsystem_pthread.dylib at 0x00007fff940fd000
R10=0x0000000000000000 is an unknown value
R11=0x0000000000000246 is an unknown value
R12=0x00007fef91e10410 is an unknown value
R13=0x00000000000f426a is an unknown value
R14=0x00007fef91d26e10 is an unknown value
R15=0x00007fff53d4b470 is an unknown value


Stack: [0x00007fff5354e000,0x00007fff53d4e000],  sp=0x00007fff53d4b320,  free space=8180k
Native frames: (J=compiled Java code, j=interpreted, Vv=VM code, C=native code)
C  [libglass.dylib+0x16381]  GlassScreenDidChangeScreenParameters+0x21
C  [CoreFoundation+0x12045c]  __CFNOTIFICATIONCENTER_IS_CALLING_OUT_TO_AN_OBSERVER__+0xc
C  [CoreFoundation+0x10634]  _CFXNotificationPost+0xc44
C  [Foundation+0x79d1]  -[NSNotificationCenter postNotificationName:object:userInfo:]+0x42
C  [AppKit+0x40df7e]  -[NSApplication _reactToScreenInvalidationImmediately:]+0x17b
C  [AppKit+0x40ddc7]  __44-[NSApplication _reactToScreenInvalidation:]_block_invoke+0x4b
C  [CoreFoundation+0x808ec]  __CFRUNLOOP_IS_CALLING_OUT_TO_A_BLOCK__+0xc
C  [CoreFoundation+0x729f5]  __CFRunLoopDoBlocks+0x155
C  [CoreFoundation+0x72536]  __CFRunLoopRun+0x716
C  [CoreFoundation+0x71bd8]  CFRunLoopRunSpecific+0x128
C  [java+0x56cc]  CreateExecutionEnvironment+0x367
C  [java+0x165c]  JLI_Launch+0x7a0
C  [java+0x768a]  main+0x65
C  [java+0xeb4]  start+0x34


---------------  P R O C E S S  ---------------

VM state:at safepoint (normal execution)

VM Mutex/Monitor currently owned by a thread:  ([mutex/lock_event])
[0x00007fef91e02660] Threads_lock - owner thread: 0x00007fef92845000

Heap:
 PSYoungGen      total 38400K, used 13905K [0x0000000795580000, 0x0000000798000000, 0x00000007c0000000)
  eden space 33280K, 41% used [0x0000000795580000,0x00000007963145b8,0x0000000797600000)
  from space 5120K, 0% used [0x0000000797b00000,0x0000000797b00000,0x0000000798000000)
  to   space 5120K, 0% used [0x0000000797600000,0x0000000797600000,0x0000000797b00000)
 ParOldGen       total 87552K, used 0K [0x0000000740000000, 0x0000000745580000, 0x0000000795580000)
  object space 87552K, 0% used [0x0000000740000000,0x0000000740000000,0x0000000745580000)
 Metaspace       used 7390K, capacity 7920K, committed 7936K, reserved 1056768K
  class space    used 923K, capacity 1008K, committed 1024K, reserved 1048576K

Card table byte_map: [0x000000011cc12000,0x000000011d013000] byte_map_base: 0x0000000119212000

Marking Bits: (ParMarkBitMap*) 0x000000010d09c330
 Begin Bits: [0x000000011d6ca000, 0x000000011f6ca000)
 End Bits:   [0x000000011f6ca000, 0x00000001216ca000)

Polling page: 0x000000010bfd5000

CodeCache: size=245760Kb used=2156Kb max_used=2167Kb free=243603Kb
 bounds [0x000000010d852000, 0x000000010dac2000, 0x000000011c852000]
 total_blobs=899 nmethods=487 adapters=327
 compilation: enabled

Compilation events (10 events):
Event: 0.502 Thread 0x00007fef93825800  483       1       java.nio.Buffer::limit (5 bytes)
Event: 0.502 Thread 0x00007fef93825800 nmethod 483 0x000000010da6b7d0 code [0x000000010da6b920, 0x000000010da6ba30]
Event: 0.502 Thread 0x00007fef93825800  484       3       java.nio.ByteBuffer::arrayOffset (35 bytes)
Event: 0.502 Thread 0x00007fef93825800 nmethod 484 0x000000010da6ba90 code [0x000000010da6bc20, 0x000000010da6bf18]
Event: 0.502 Thread 0x00007fef93825800  486       3       java.nio.Buffer::position (43 bytes)
Event: 0.502 Thread 0x00007fef93825800 nmethod 486 0x000000010da6c050 code [0x000000010da6c1c0, 0x000000010da6c468]
Event: 0.502 Thread 0x00007fef93825800  487       3       java.nio.CharBuffer::arrayOffset (35 bytes)
Event: 0.502 Thread 0x00007fef93825800 nmethod 487 0x000000010da6c510 code [0x000000010da6c6a0, 0x000000010da6c998]
Event: 0.502 Thread 0x00007fef9382e800  485       4       java.lang.String::getChars (62 bytes)
Event: 0.504 Thread 0x00007fef9382e800 nmethod 485 0x000000010da70290 code [0x000000010da703e0, 0x000000010da70518]

GC Heap History (0 events):
No events

Deoptimization events (0 events):
No events

Internal exceptions (10 events):
Event: 0.194 Thread 0x00007fef93004000 Exception <a 'java/security/PrivilegedActionException'> (0x00000007958d8d08) thrown at [/HUDSON3/workspace/8-2-build-macosx-x86_64/jdk8u20/1074/hotspot/src/share/vm/prims/jvm.cpp, line 1275]
Event: 0.194 Thread 0x00007fef93004000 Exception <a 'java/security/PrivilegedActionException'> (0x00000007958d8ec0) thrown at [/HUDSON3/workspace/8-2-build-macosx-x86_64/jdk8u20/1074/hotspot/src/share/vm/prims/jvm.cpp, line 1275]
Event: 0.194 Thread 0x00007fef93004000 Exception <a 'java/lang/NullPointerException'> (0x00000007958da7d8) thrown at [/HUDSON3/workspace/8-2-build-macosx-x86_64/jdk8u20/1074/hotspot/src/share/vm/interpreter/linkResolver.cpp, line 1166]
Event: 0.416 Thread 0x00007fef92159800 Exception <a 'java/security/PrivilegedActionException'> (0x0000000795cae168) thrown at [/HUDSON3/workspace/8-2-build-macosx-x86_64/jdk8u20/1074/hotspot/src/share/vm/prims/jvm.cpp, line 1275]
Event: 0.416 Thread 0x00007fef92159800 Exception <a 'java/security/PrivilegedActionException'> (0x0000000795fd6a08) thrown at [/HUDSON3/workspace/8-2-build-macosx-x86_64/jdk8u20/1074/hotspot/src/share/vm/prims/jvm.cpp, line 1275]
Event: 0.416 Thread 0x00007fef92159800 Exception <a 'java/security/PrivilegedActionException'> (0x0000000795fd9180) thrown at [/HUDSON3/workspace/8-2-build-macosx-x86_64/jdk8u20/1074/hotspot/src/share/vm/prims/jvm.cpp, line 1275]
Event: 0.417 Thread 0x00007fef92159800 Exception <a 'java/security/PrivilegedActionException'> (0x0000000795fdb6c0) thrown at [/HUDSON3/workspace/8-2-build-macosx-x86_64/jdk8u20/1074/hotspot/src/share/vm/prims/jvm.cpp, line 1275]
Event: 0.483 Thread 0x00007fef92159800 Exception <a 'java/lang/NullPointerException'> (0x0000000796224a48) thrown at [/HUDSON3/workspace/8-2-build-macosx-x86_64/jdk8u20/1074/hotspot/src/share/vm/interpreter/linkResolver.cpp, line 1166]
Event: 0.483 Thread 0x00007fef92159800 Exception <a 'java/lang/NullPointerException'> (0x0000000796224a48) thrown at [/HUDSON3/workspace/8-2-build-macosx-x86_64/jdk8u20/1074/hotspot/src/share/vm/prims/jvm.cpp, line 1279]
Event: 0.500 Thread 0x00007fef93004000 Exception <a 'java/lang/reflect/InvocationTargetException'> (0x0000000795b9a8f8) thrown at [/HUDSON3/workspace/8-2-build-macosx-x86_64/jdk8u20/1074/hotspot/src/share/vm/runtime/reflection.cpp, line 1079]

Events (10 events):
Event: 0.504 loading class java/util/Formatter$Flags done
Event: 0.504 loading class java/util/Formatter$Conversion
Event: 0.504 loading class java/util/Formatter$Conversion done
Event: 0.504 loading class java/util/Formattable
Event: 0.504 loading class java/util/Formattable done
Event: 0.504 loading class java/util/IdentityHashMap$KeyIterator
Event: 0.504 loading class java/util/IdentityHashMap$IdentityHashMapIterator
Event: 0.504 loading class java/util/IdentityHashMap$IdentityHashMapIterator done
Event: 0.504 loading class java/util/IdentityHashMap$KeyIterator done
Event: 0.504 Executing VM operation: Exit


Dynamic libraries:
0x000000000ce5b000 	/System/Library/Frameworks/Cocoa.framework/Versions/A/Cocoa
0x000000000ce5b000 	/System/Library/Frameworks/Security.framework/Versions/A/Security
0x000000000ce5b000 	/System/Library/Frameworks/ApplicationServices.framework/Versions/A/ApplicationServices
0x000000000ce5b000 	/usr/lib/libz.1.dylib
0x000000000ce5b000 	/usr/lib/libSystem.B.dylib
0x000000000ce5b000 	/usr/lib/libobjc.A.dylib
0x000000000ce5b000 	/System/Library/Frameworks/CoreFoundation.framework/Versions/A/CoreFoundation
0x000000000ce5b000 	/System/Library/Frameworks/Foundation.framework/Versions/C/Foundation
0x000000000ce5b000 	/System/Library/Frameworks/AppKit.framework/Versions/C/AppKit
0x000000000ce5b000 	/System/Library/Frameworks/CoreData.framework/Versions/A/CoreData
0x000000000ce5b000 	/System/Library/PrivateFrameworks/RemoteViewServices.framework/Versions/A/RemoteViewServices
0x000000000ce5b000 	/System/Library/PrivateFrameworks/UIFoundation.framework/Versions/A/UIFoundation
0x000000000ce5b000 	/System/Library/Frameworks/IOSurface.framework/Versions/A/IOSurface
0x000000000ce5b000 	/System/Library/Frameworks/AudioToolbox.framework/Versions/A/AudioToolbox
0x000000000ce5b000 	/System/Library/Frameworks/AudioUnit.framework/Versions/A/AudioUnit
0x000000000ce5b000 	/System/Library/PrivateFrameworks/DataDetectorsCore.framework/Versions/A/DataDetectorsCore
0x000000000ce5b000 	/System/Library/PrivateFrameworks/DesktopServicesPriv.framework/Versions/A/DesktopServicesPriv
0x000000000ce5b000 	/System/Library/Frameworks/Carbon.framework/Versions/A/Frameworks/HIToolbox.framework/Versions/A/HIToolbox
0x000000000ce5b000 	/System/Library/Frameworks/QuartzCore.framework/Versions/A/QuartzCore
0x000000000ce5b000 	/System/Library/Frameworks/Carbon.framework/Versions/A/Frameworks/SpeechRecognition.framework/Versions/A/SpeechRecognition
0x000000000ce5b000 	/usr/lib/libauto.dylib
0x000000000ce5b000 	/usr/lib/libicucore.A.dylib
0x000000000ce5b000 	/usr/lib/libxml2.2.dylib
0x000000000ce5b000 	/System/Library/PrivateFrameworks/CoreUI.framework/Versions/A/CoreUI
0x000000000ce5b000 	/System/Library/Frameworks/CoreAudio.framework/Versions/A/CoreAudio
0x000000000ce5b000 	/System/Library/Frameworks/DiskArbitration.framework/Versions/A/DiskArbitration
0x000000000ce5b000 	/usr/lib/liblangid.dylib
0x000000000ce5b000 	/System/Library/PrivateFrameworks/MultitouchSupport.framework/Versions/A/MultitouchSupport
0x000000000ce5b000 	/System/Library/Frameworks/IOKit.framework/Versions/A/IOKit
0x000000000ce5b000 	/usr/lib/libDiagnosticMessagesClient.dylib
0x000000000ce5b000 	/System/Library/Frameworks/CoreServices.framework/Versions/A/CoreServices
0x000000000ce5b000 	/System/Library/PrivateFrameworks/PerformanceAnalysis.framework/Versions/A/PerformanceAnalysis
0x000000000ce5b000 	/System/Library/PrivateFrameworks/GenerationalStorage.framework/Versions/A/GenerationalStorage
0x000000000ce5b000 	/System/Library/Frameworks/OpenGL.framework/Versions/A/OpenGL
0x000000000ce5b000 	/System/Library/PrivateFrameworks/Sharing.framework/Versions/A/Sharing
0x000000000ce5b000 	/System/Library/Frameworks/CoreGraphics.framework/Versions/A/CoreGraphics
0x000000000ce5b000 	/System/Library/Frameworks/CoreText.framework/Versions/A/CoreText
0x000000000ce5b000 	/System/Library/Frameworks/ImageIO.framework/Versions/A/ImageIO
0x000000000ce5b000 	/usr/lib/libextension.dylib
0x000000000ce5b000 	/System/Library/PrivateFrameworks/Backup.framework/Versions/A/Backup
0x000000000ce5b000 	/usr/lib/libarchive.2.dylib
0x000000000ce5b000 	/System/Library/Frameworks/CFNetwork.framework/Versions/A/CFNetwork
0x000000000ce5b000 	/System/Library/Frameworks/SystemConfiguration.framework/Versions/A/SystemConfiguration
0x000000000ce5b000 	/usr/lib/libCRFSuite.dylib
0x000000000ce5b000 	/usr/lib/libc++.1.dylib
0x000000000ce5b000 	/usr/lib/libc++abi.dylib
0x000000000ce5b000 	/usr/lib/system/libcache.dylib
0x000000000ce5b000 	/usr/lib/system/libcommonCrypto.dylib
0x000000000ce5b000 	/usr/lib/system/libcompiler_rt.dylib
0x000000000ce5b000 	/usr/lib/system/libcopyfile.dylib
0x000000000ce5b000 	/usr/lib/system/libcorecrypto.dylib
0x000000000ce5b000 	/usr/lib/system/libdispatch.dylib
0x000000000ce5b000 	/usr/lib/system/libdyld.dylib
0x000000000ce5b000 	/usr/lib/system/libkeymgr.dylib
0x000000000ce5b000 	/usr/lib/system/liblaunch.dylib
0x000000000ce5b000 	/usr/lib/system/libmacho.dylib
0x000000000ce5b000 	/usr/lib/system/libquarantine.dylib
0x000000000ce5b000 	/usr/lib/system/libremovefile.dylib
0x000000000ce5b000 	/usr/lib/system/libsystem_asl.dylib
0x000000000ce5b000 	/usr/lib/system/libsystem_blocks.dylib
0x000000000ce5b000 	/usr/lib/system/libsystem_c.dylib
0x000000000ce5b000 	/usr/lib/system/libsystem_configuration.dylib
0x000000000ce5b000 	/usr/lib/system/libsystem_coreservices.dylib
0x000000000ce5b000 	/usr/lib/system/libsystem_coretls.dylib
0x000000000ce5b000 	/usr/lib/system/libsystem_dnssd.dylib
0x000000000ce5b000 	/usr/lib/system/libsystem_info.dylib
0x000000000ce5b000 	/usr/lib/system/libsystem_kernel.dylib
0x000000000ce5b000 	/usr/lib/system/libsystem_m.dylib
0x000000000ce5b000 	/usr/lib/system/libsystem_malloc.dylib
0x000000000ce5b000 	/usr/lib/system/libsystem_network.dylib
0x000000000ce5b000 	/usr/lib/system/libsystem_networkextension.dylib
0x000000000ce5b000 	/usr/lib/system/libsystem_notify.dylib
0x000000000ce5b000 	/usr/lib/system/libsystem_platform.dylib
0x000000000ce5b000 	/usr/lib/system/libsystem_pthread.dylib
0x000000000ce5b000 	/usr/lib/system/libsystem_sandbox.dylib
0x000000000ce5b000 	/usr/lib/system/libsystem_secinit.dylib
0x000000000ce5b000 	/usr/lib/system/libsystem_stats.dylib
0x000000000ce5b000 	/usr/lib/system/libsystem_trace.dylib
0x000000000ce5b000 	/usr/lib/system/libunc.dylib
0x000000000ce5b000 	/usr/lib/system/libunwind.dylib
0x000000000ce5b000 	/usr/lib/system/libxpc.dylib
0x000000000ce5b000 	/usr/lib/libbz2.1.0.dylib
0x000000000ce5b000 	/usr/lib/liblzma.5.dylib
0x000000000ce5b000 	/usr/lib/libbsm.0.dylib
0x000000000ce5b000 	/usr/lib/libsqlite3.dylib
0x000000000ce5b000 	/usr/lib/system/libkxld.dylib
0x000000000ce5b000 	/usr/lib/libxar.1.dylib
0x000000000ce5b000 	/usr/lib/libpam.2.dylib
0x000000000ce5b000 	/usr/lib/libOpenScriptingUtil.dylib
0x000000000ce5b000 	/System/Library/Frameworks/CoreServices.framework/Versions/A/Frameworks/FSEvents.framework/Versions/A/FSEvents
0x000000000ce5b000 	/System/Library/Frameworks/CoreServices.framework/Versions/A/Frameworks/CarbonCore.framework/Versions/A/CarbonCore
0x000000000ce5b000 	/System/Library/Frameworks/CoreServices.framework/Versions/A/Frameworks/Metadata.framework/Versions/A/Metadata
0x000000000ce5b000 	/System/Library/Frameworks/CoreServices.framework/Versions/A/Frameworks/OSServices.framework/Versions/A/OSServices
0x000000000ce5b000 	/System/Library/Frameworks/CoreServices.framework/Versions/A/Frameworks/SearchKit.framework/Versions/A/SearchKit
0x000000000ce5b000 	/System/Library/Frameworks/CoreServices.framework/Versions/A/Frameworks/AE.framework/Versions/A/AE
0x000000000ce5b000 	/System/Library/Frameworks/CoreServices.framework/Versions/A/Frameworks/LaunchServices.framework/Versions/A/LaunchServices
0x000000000ce5b000 	/System/Library/Frameworks/CoreServices.framework/Versions/A/Frameworks/DictionaryServices.framework/Versions/A/DictionaryServices
0x000000000ce5b000 	/System/Library/Frameworks/NetFS.framework/Versions/A/NetFS
0x000000000ce5b000 	/System/Library/PrivateFrameworks/NetAuth.framework/Versions/A/NetAuth
0x000000000ce5b000 	/System/Library/PrivateFrameworks/login.framework/Versions/A/Frameworks/loginsupport.framework/Versions/A/loginsupport
0x000000000ce5b000 	/System/Library/PrivateFrameworks/TCC.framework/Versions/A/TCC
0x000000000ce5b000 	/usr/lib/libmecabra.dylib
0x000000000ce5b000 	/System/Library/Frameworks/ApplicationServices.framework/Versions/A/Frameworks/ATS.framework/Versions/A/ATS
0x000000000ce5b000 	/System/Library/Frameworks/ApplicationServices.framework/Versions/A/Frameworks/ColorSync.framework/Versions/A/ColorSync
0x000000000ce5b000 	/System/Library/Frameworks/ApplicationServices.framework/Versions/A/Frameworks/HIServices.framework/Versions/A/HIServices
0x000000000ce5b000 	/System/Library/Frameworks/ApplicationServices.framework/Versions/A/Frameworks/LangAnalysis.framework/Versions/A/LangAnalysis
0x000000000ce5b000 	/System/Library/Frameworks/ApplicationServices.framework/Versions/A/Frameworks/PrintCore.framework/Versions/A/PrintCore
0x000000000ce5b000 	/System/Library/Frameworks/ApplicationServices.framework/Versions/A/Frameworks/QD.framework/Versions/A/QD
0x000000000ce5b000 	/System/Library/Frameworks/ApplicationServices.framework/Versions/A/Frameworks/SpeechSynthesis.framework/Versions/A/SpeechSynthesis
0x000000000ce5b000 	/System/Library/Frameworks/Accelerate.framework/Versions/A/Accelerate
0x000000000ce5b000 	/System/Library/Frameworks/Accelerate.framework/Versions/A/Frameworks/vImage.framework/Versions/A/vImage
0x000000000ce5b000 	/System/Library/Frameworks/Accelerate.framework/Versions/A/Frameworks/vecLib.framework/Versions/A/vecLib
0x000000000ce5b000 	/System/Library/Frameworks/Accelerate.framework/Versions/A/Frameworks/vecLib.framework/Versions/A/libvDSP.dylib
0x000000000ce5b000 	/System/Library/Frameworks/Accelerate.framework/Versions/A/Frameworks/vecLib.framework/Versions/A/libvMisc.dylib
0x000000000ce5b000 	/System/Library/Frameworks/Accelerate.framework/Versions/A/Frameworks/vecLib.framework/Versions/A/libLAPACK.dylib
0x000000000ce5b000 	/System/Library/Frameworks/Accelerate.framework/Versions/A/Frameworks/vecLib.framework/Versions/A/libBLAS.dylib
0x000000000ce5b000 	/System/Library/Frameworks/Accelerate.framework/Versions/A/Frameworks/vecLib.framework/Versions/A/libLinearAlgebra.dylib
0x000000000ce5b000 	/System/Library/Frameworks/ApplicationServices.framework/Versions/A/Frameworks/ATS.framework/Versions/A/Resources/libFontParser.dylib
0x000000000ce5b000 	/System/Library/Frameworks/ApplicationServices.framework/Versions/A/Frameworks/ATS.framework/Versions/A/Resources/libFontRegistry.dylib
0x000000000ce5b000 	/System/Library/PrivateFrameworks/AppleVPA.framework/Versions/A/AppleVPA
0x000000000ce5b000 	/System/Library/PrivateFrameworks/AppleJPEG.framework/Versions/A/AppleJPEG
0x000000000ce5b000 	/System/Library/Frameworks/ImageIO.framework/Versions/A/Resources/libJPEG.dylib
0x000000000ce5b000 	/System/Library/Frameworks/ImageIO.framework/Versions/A/Resources/libTIFF.dylib
0x000000000ce5b000 	/System/Library/Frameworks/ImageIO.framework/Versions/A/Resources/libPng.dylib
0x000000000ce5b000 	/System/Library/Frameworks/ImageIO.framework/Versions/A/Resources/libGIF.dylib
0x000000000ce5b000 	/System/Library/Frameworks/ImageIO.framework/Versions/A/Resources/libJP2.dylib
0x000000000ce5b000 	/System/Library/Frameworks/ImageIO.framework/Versions/A/Resources/libRadiance.dylib
0x000000000ce5b000 	/System/Library/Frameworks/CoreVideo.framework/Versions/A/CoreVideo
0x000000000ce5b000 	/System/Library/Frameworks/OpenGL.framework/Versions/A/Libraries/libGLU.dylib
0x000000000ce5b000 	/System/Library/Frameworks/OpenGL.framework/Versions/A/Libraries/libGFXShared.dylib
0x000000000ce5b000 	/System/Library/Frameworks/OpenGL.framework/Versions/A/Libraries/libGL.dylib
0x000000000ce5b000 	/System/Library/Frameworks/OpenGL.framework/Versions/A/Libraries/libGLImage.dylib
0x000000000ce5b000 	/System/Library/Frameworks/OpenGL.framework/Versions/A/Libraries/libCVMSPluginSupport.dylib
0x000000000ce5b000 	/System/Library/Frameworks/OpenGL.framework/Versions/A/Libraries/libCoreVMClient.dylib
0x000000000ce5b000 	/usr/lib/libcups.2.dylib
0x000000000ce5b000 	/System/Library/Frameworks/Kerberos.framework/Versions/A/Kerberos
0x000000000ce5b000 	/System/Library/Frameworks/GSS.framework/Versions/A/GSS
0x000000000ce5b000 	/usr/lib/libresolv.9.dylib
0x000000000ce5b000 	/usr/lib/libiconv.2.dylib
0x000000000ce5b000 	/System/Library/PrivateFrameworks/Heimdal.framework/Versions/A/Heimdal
0x000000000ce5b000 	/usr/lib/libheimdal-asn1.dylib
0x000000000ce5b000 	/System/Library/Frameworks/OpenDirectory.framework/Versions/A/OpenDirectory
0x000000000ce5b000 	/System/Library/PrivateFrameworks/CommonAuth.framework/Versions/A/CommonAuth
0x000000000ce5b000 	/System/Library/Frameworks/OpenDirectory.framework/Versions/A/Frameworks/CFOpenDirectory.framework/Versions/A/CFOpenDirectory
0x000000000ce5b000 	/System/Library/Frameworks/SecurityFoundation.framework/Versions/A/SecurityFoundation
0x000000000ce5b000 	/System/Library/PrivateFrameworks/LanguageModeling.framework/Versions/A/LanguageModeling
0x000000000ce5b000 	/usr/lib/libcmph.dylib
0x000000000ce5b000 	/System/Library/Frameworks/ServiceManagement.framework/Versions/A/ServiceManagement
0x000000000ce5b000 	/usr/lib/libxslt.1.dylib
0x000000000ce5b000 	/System/Library/Frameworks/Carbon.framework/Versions/A/Frameworks/Ink.framework/Versions/A/Ink
0x000000000ce5b000 	/System/Library/Frameworks/QuartzCore.framework/Versions/A/Frameworks/CoreImage.framework/Versions/A/CoreImage
0x000000000ce5b000 	/System/Library/PrivateFrameworks/CrashReporterSupport.framework/Versions/A/CrashReporterSupport
0x000000000ce5b000 	/System/Library/Frameworks/OpenCL.framework/Versions/A/OpenCL
0x000000000ce5b000 	/System/Library/PrivateFrameworks/FaceCore.framework/Versions/A/FaceCore
0x000000000ce5b000 	/System/Library/PrivateFrameworks/Ubiquity.framework/Versions/A/Ubiquity
0x000000000ce5b000 	/System/Library/PrivateFrameworks/IconServices.framework/Versions/A/IconServices
0x000000000ce5b000 	/System/Library/PrivateFrameworks/ChunkingLibrary.framework/Versions/A/ChunkingLibrary
0x000000000ce5b000 	/System/Library/PrivateFrameworks/Apple80211.framework/Versions/A/Apple80211
0x000000000ce5b000 	/System/Library/Frameworks/CoreWLAN.framework/Versions/A/CoreWLAN
0x000000000ce5b000 	/System/Library/Frameworks/IOBluetooth.framework/Versions/A/IOBluetooth
0x000000000ce5b000 	/System/Library/PrivateFrameworks/CoreWiFi.framework/Versions/A/CoreWiFi
0x000000000ce5b000 	/System/Library/Frameworks/CoreBluetooth.framework/Versions/A/CoreBluetooth
0x000000000ce5b000 	/System/Library/PrivateFrameworks/DebugSymbols.framework/Versions/A/DebugSymbols
0x000000000ce5b000 	/System/Library/PrivateFrameworks/CoreSymbolication.framework/Versions/A/CoreSymbolication
0x000000000ce5b000 	/System/Library/PrivateFrameworks/Symbolication.framework/Versions/A/Symbolication
0x000000000ce5b000 	/System/Library/PrivateFrameworks/SpeechRecognitionCore.framework/Versions/A/SpeechRecognitionCore
0x000000010c800000 	/Library/Java/JavaVirtualMachines/jdk1.8.0_20.jdk/Contents/Home/jre/lib/server/libjvm.dylib
0x000000000ce5b000 	/usr/lib/libstdc++.6.dylib
0x000000010bfc7000 	/Library/Java/JavaVirtualMachines/jdk1.8.0_20.jdk/Contents/Home/jre/lib/libverify.dylib
0x000000010d81e000 	/Library/Java/JavaVirtualMachines/jdk1.8.0_20.jdk/Contents/Home/jre/lib/libjava.dylib
0x000000010bfdf000 	/Library/Java/JavaVirtualMachines/jdk1.8.0_20.jdk/Contents/Home/jre/lib/libzip.dylib
0x00000001238c6000 	/System/Library/Frameworks/JavaVM.framework/Frameworks/JavaRuntimeSupport.framework/JavaRuntimeSupport
0x000000010bfe9000 	/System/Library/Frameworks/JavaVM.framework/Versions/A/Frameworks/JavaNativeFoundation.framework/Versions/A/JavaNativeFoundation
0x00000001238de000 	/System/Library/Frameworks/JavaVM.framework/Versions/A/JavaVM
0x000000000ce5b000 	/System/Library/Frameworks/Carbon.framework/Versions/A/Carbon
0x00000001238eb000 	/System/Library/PrivateFrameworks/JavaLaunching.framework/Versions/A/JavaLaunching
0x000000000ce5b000 	/System/Library/Frameworks/Carbon.framework/Versions/A/Frameworks/CommonPanels.framework/Versions/A/CommonPanels
0x000000000ce5b000 	/System/Library/Frameworks/Carbon.framework/Versions/A/Frameworks/Help.framework/Versions/A/Help
0x000000000ce5b000 	/System/Library/Frameworks/Carbon.framework/Versions/A/Frameworks/ImageCapture.framework/Versions/A/ImageCapture
0x000000000ce5b000 	/System/Library/Frameworks/Carbon.framework/Versions/A/Frameworks/OpenScripting.framework/Versions/A/OpenScripting
0x000000000ce5b000 	/System/Library/Frameworks/Carbon.framework/Versions/A/Frameworks/Print.framework/Versions/A/Print
0x000000000ce5b000 	/System/Library/Frameworks/Carbon.framework/Versions/A/Frameworks/SecurityHI.framework/Versions/A/SecurityHI
0x00000001259ae000 	/Library/Java/JavaVirtualMachines/jdk1.8.0_20.jdk/Contents/Home/jre/lib/libprism_es2.dylib
0x0000000125a2f000 	/System/Library/Frameworks/OpenGL.framework/Resources/GLEngine.bundle/GLEngine
0x000000000ce5b000 	/System/Library/Frameworks/OpenGL.framework/Versions/A/Libraries/libGLProgrammability.dylib
0x0000000000000000 	/System/Library/Extensions/AppleIntelHD5000GraphicsGLDriver.bundle/Contents/MacOS/AppleIntelHD5000GraphicsGLDriver
0x000000000ce5b000 	/System/Library/PrivateFrameworks/IOAccelerator.framework/Versions/A/IOAccelerator
0x000000000ce5b000 	/System/Library/PrivateFrameworks/GPUSupport.framework/Versions/A/Libraries/libGPUSupportMercury.dylib
0x0000000125c1f000 	/System/Library/Frameworks/OpenGL.framework/Resources//GLRendererFloat.bundle/GLRendererFloat
0x000000000ce5b000 	/System/Library/Frameworks/OpenCL.framework/Versions/A/Libraries/libcldcpuengine.dylib
0x000000000ce5b000 	/System/Library/PrivateFrameworks/DiskImages.framework/Versions/A/DiskImages
0x000000000ce5b000 	/System/Library/Frameworks/DiscRecording.framework/Versions/A/DiscRecording
0x000000000ce5b000 	/usr/lib/libcsfde.dylib
0x000000000ce5b000 	/usr/lib/libcurl.4.dylib
0x000000000ce5b000 	/System/Library/PrivateFrameworks/MediaKit.framework/Versions/A/MediaKit
0x000000000ce5b000 	/System/Library/PrivateFrameworks/ProtectedCloudStorage.framework/Versions/A/ProtectedCloudStorage
0x000000000ce5b000 	/usr/lib/libCoreStorage.dylib
0x000000000ce5b000 	/System/Library/PrivateFrameworks/EFILogin.framework/Versions/A/EFILogin
0x000000000ce5b000 	/usr/lib/libutil.dylib
0x000000000ce5b000 	/System/Library/PrivateFrameworks/FindMyDevice.framework/Versions/A/FindMyDevice
0x000000000ce5b000 	/System/Library/Frameworks/LDAP.framework/Versions/A/LDAP
0x000000000ce5b000 	/usr/lib/libsasl2.2.dylib
0x000000000ce5b000 	/System/Library/PrivateFrameworks/CoreDaemon.framework/Versions/B/CoreDaemon
0x000000000ce5b000 	/usr/lib/libcrypto.0.9.8.dylib
0x000000000ce5b000 	/System/Library/PrivateFrameworks/AppleSRP.framework/Versions/A/AppleSRP
0x000000000ce5b000 	/System/Library/PrivateFrameworks/TrustEvaluationAgent.framework/Versions/A/TrustEvaluationAgent
0x000000012607d000 	/Library/Java/JavaVirtualMachines/jdk1.8.0_20.jdk/Contents/Home/jre/lib/libglass.dylib
0x000000000ce5b000 	/System/Library/PrivateFrameworks/CoreServicesInternal.framework/Versions/A/CoreServicesInternal
0x000000000ce5b000 	/System/Library/PrivateFrameworks/CloudDocs.framework/Versions/A/CloudDocs
0x000000000ce5b000 	/System/Library/PrivateFrameworks/CoreDuet.framework/Versions/A/CoreDuet
0x000000000ce5b000 	/System/Library/Frameworks/CloudKit.framework/Versions/A/CloudKit
0x000000000ce5b000 	/System/Library/PrivateFrameworks/ProtocolBuffer.framework/Versions/A/ProtocolBuffer
0x000000000ce5b000 	/System/Library/PrivateFrameworks/CoreDuetDaemonProtocol.framework/Versions/A/CoreDuetDaemonProtocol
0x000000000ce5b000 	/System/Library/PrivateFrameworks/CoreDuetDebugLogging.framework/Versions/A/CoreDuetDebugLogging
0x000000000ce5b000 	/System/Library/PrivateFrameworks/MMCS.framework/Versions/A/MMCS
0x000000000ce5b000 	/System/Library/Frameworks/CoreLocation.framework/Versions/A/CoreLocation
0x000000000ce5b000 	/System/Library/PrivateFrameworks/GeoServices.framework/Versions/A/GeoServices
0x00000001263bc000 	/System/Library/Frameworks/CoreGraphics.framework/Versions/A/Resources/libCGCMS.A.dylib
0x000000000ce5b000 	/System/Library/CoreServices/RawCamera.bundle/Contents/MacOS/RawCamera
0x00000001277ef000 	/System/Library/Frameworks/CoreGraphics.framework/Versions/A/Resources/libRIP.A.dylib
0x000000000ce5b000 	/System/Library/PrivateFrameworks/FamilyControls.framework/Versions/A/FamilyControls
0x000000000ce5b000 	/System/Library/PrivateFrameworks/CommerceKit.framework/Versions/A/Frameworks/CommerceCore.framework/Versions/A/CommerceCore
0x000000000ce5b000 	/System/Library/PrivateFrameworks/SystemAdministration.framework/Versions/A/SystemAdministration
0x000000000ce5b000 	/System/Library/PrivateFrameworks/AppContainer.framework/Versions/A/AppContainer
0x000000000ce5b000 	/System/Library/PrivateFrameworks/SecCodeWrapper.framework/Versions/A/SecCodeWrapper
0x000000000ce5b000 	/System/Library/Frameworks/DirectoryService.framework/Versions/A/DirectoryService
0x000000000ce5b000 	/System/Library/PrivateFrameworks/LoginUIKit.framework/Versions/A/Frameworks/LoginUICore.framework/Versions/A/LoginUICore
0x000000000ce5b000 	/usr/lib/libodfde.dylib

VM Arguments:
jvm_args: -Dfile.encoding=UTF-8 
java_command: Game.Game
java_class_path (initial): /Users/Feerny/Documents/workspace/BloodyStreetFighter/bin
Launcher Type: SUN_STANDARD

Environment Variables:
PATH=/usr/bin:/bin:/usr/sbin:/sbin
SHELL=/bin/bash

Signal Handlers:
SIGSEGV: [libjvm.dylib+0x578fd7], sa_mask[0]=11111111011111110111111111111111, sa_flags=SA_ONSTACK|SA_RESTART|SA_SIGINFO
SIGBUS: [libjvm.dylib+0x578fd7], sa_mask[0]=11111111011111110111111111111111, sa_flags=SA_RESTART|SA_SIGINFO
SIGFPE: [libjvm.dylib+0x45ab0c], sa_mask[0]=11111111011111110111111111111111, sa_flags=SA_RESTART|SA_SIGINFO
SIGPIPE: [libjvm.dylib+0x45ab0c], sa_mask[0]=11111111011111110111111111111111, sa_flags=SA_RESTART|SA_SIGINFO
SIGXFSZ: [libjvm.dylib+0x45ab0c], sa_mask[0]=11111111011111110111111111111111, sa_flags=SA_RESTART|SA_SIGINFO
SIGILL: [libjvm.dylib+0x45ab0c], sa_mask[0]=11111111011111110111111111111111, sa_flags=SA_RESTART|SA_SIGINFO
SIGUSR1: SIG_DFL, sa_mask[0]=00000000000000000000000000000000, sa_flags=none
SIGUSR2: [libjvm.dylib+0x45a62a], sa_mask[0]=00100000000000000000000000000000, sa_flags=SA_RESTART|SA_SIGINFO
SIGHUP: [libjvm.dylib+0x458bfd], sa_mask[0]=11111111011111110111111111111111, sa_flags=SA_RESTART|SA_SIGINFO
SIGINT: [libjvm.dylib+0x458bfd], sa_mask[0]=11111111011111110111111111111111, sa_flags=SA_RESTART|SA_SIGINFO
SIGTERM: [libjvm.dylib+0x458bfd], sa_mask[0]=11111111011111110111111111111111, sa_flags=SA_RESTART|SA_SIGINFO
SIGQUIT: [libjvm.dylib+0x458bfd], sa_mask[0]=11111111011111110111111111111111, sa_flags=SA_RESTART|SA_SIGINFO


---------------  S Y S T E M  ---------------

OS:Bsduname:Darwin 14.3.0 Darwin Kernel Version 14.3.0: Mon Mar 23 19:50:50 PDT 2015; root:xnu-2782.20.48~7/RELEASE_X86_64 x86_64
rlimit: STACK 8192k, CORE 0k, NPROC 709, NOFILE 10240, AS infinity
load average:2.54 3.47 2.44

CPU:total 4 (2 cores per cpu, 2 threads per core) family 6 model 69 stepping 1, cmov, cx8, fxsr, mmx, sse, sse2, sse3, ssse3, sse4.1, sse4.2, popcnt, avx, avx2, aes, clmul, erms, rtm, lzcnt, ht, tsc, tscinvbit, bmi1, bmi2

Memory: 4k page, physical 8388608k(3930280k free)

/proc/meminfo:


vm_info: Java HotSpot(TM) 64-Bit Server VM (25.20-b23) for bsd-amd64 JRE (1.8.0_20-b26), built on Jul 30 2014 13:37:47 by "java_re" with gcc 4.2.1 (Based on Apple Inc. build 5658) (LLVM build 2336.9.00)

time: Sat May 23 21:18:42 2015
elapsed time: 0 seconds (0d 0h 0m 0s)

