#
# A fatal error has been detected by the Java Runtime Environment:
#
#  SIGSEGV (0xb) at pc=0x000000011f302381, pid=9506, tid=1811
#
# JRE version: Java(TM) SE Runtime Environment (8.0_20-b26) (build 1.8.0_20-b26)
# Java VM: Java HotSpot(TM) 64-Bit Server VM (25.20-b23 mixed mode bsd-amd64 compressed oops)
# Problematic frame:
# C  [libglass.dylib+0x16381]  GlassScreenDidChangeScreenParameters+0x21
#
# Failed to write core dump. Core dumps have been disabled. To enable core dumping, try "ulimit -c unlimited" before starting Java again
#
# If you would like to submit a bug report, please visit:
#   http://bugreport.sun.com/bugreport/crash.jsp
#

---------------  T H R E A D  ---------------

Current thread is native thread

siginfo: si_signo: 11 (SIGSEGV), si_code: 1 (SEGV_MAPERR), si_addr: 0x0000000000000000

Registers:
RAX=0x000000011f334d48, RBX=0x0000000000000000, RCX=0xd600d04737f7abc5, RDX=0x00007fff752c41f8
RSP=0x00007fff5a7df1c0, RBP=0x00007fff5a7df1d0, RSI=0x00007fe48ac2ae08, RDI=0x0000000000000000
R8 =0x00007fff5a7df070, R9 =0x00007fff772c0300, R10=0x0000000000000000, R11=0x0000000000000246
R12=0x00007fe48ac32140, R13=0x00000000000f4268, R14=0x00007fe48af681c0, R15=0x00007fff5a7df310
RIP=0x000000011f302381, EFLAGS=0x0000000000010246, ERR=0x0000000000000004
  TRAPNO=0x000000000000000e

Top of Stack: (sp=0x00007fff5a7df1c0)
0x00007fff5a7df1c0:   00007fff5a7df3a0 00007fe48af681c0
0x00007fff5a7df1d0:   00007fff5a7df1e0 00007fff85678cbc
0x00007fff5a7df1e0:   00007fff5a7df540 00007fff8556a1b4
0x00007fff5a7df1f0:   00007fe48ac71020 0000000000001400
0x00007fff5a7df200:   0000000105438000 00007fe48acfc080
0x00007fff5a7df210:   0000000000001002 0000000000000270
0x00007fff5a7df220:   0000000000000004 00007fe48af681c0
0x00007fff5a7df230:   0000000000000000 00007fff5a7df310
0x00007fff5a7df240:   0000000000000000 00007fe48af68180
0x00007fff5a7df250:   00007fff5a7df390 000000000000001a
0x00007fff5a7df260:   00000000000f4286 00007fe48af473a0
0x00007fff5a7df270:   00007fe48af4c330 00007fe48ac32140
0x00007fff5a7df280:   0000000000000001 00000000000f4268
0x00007fff5a7df290:   00007fe48ac32130 00007fff90033acb
0x00007fff5a7df2a0:   0000000000000001 0000000000000001
0x00007fff5a7df2b0:   0000000000000030 0000000000000001
0x00007fff5a7df2c0:   00007fff5a7df2e0 00007fff90039231
0x00007fff5a7df2d0:   00007fff74f31dd0 0000000000000000
0x00007fff5a7df2e0:   00007fff5a7df300 0000000000000006
0x00007fff5a7df2f0:   0000310300000000 00007fe48ac32164
0x00007fff5a7df300:   0000000000000000 00007fff8555fc8f
0x00007fff5a7df310:   00007fe48af681c0 00007fff74f31dd0
0x00007fff5a7df320:   00007fff5a7df3a0 00007fff855687bf
0x00007fff5a7df330:   00007fff5a7df390 00007fff75929790
0x00007fff5a7df340:   000000010543ba00 0000000000000002
0x00007fff5a7df350:   0000000105438000 00007fe48af4d612
0x00007fff5a7df360:   0000000000000003 000000010543ce00
0x00007fff5a7df370:   00007fff5a7df460 00007fff900322a2
0x00007fff5a7df380:   00007fe48af4bfb0 00007fff5a7df548
0x00007fff5a7df390:   0000000000000017 0000000000000000
0x00007fff5a7df3a0:   00000000000f4268 00007fff8555ff83
0x00007fff5a7df3b0:   00007fff00000000 00007fe48ad20e10 

Instructions: (pc=0x000000011f302381)
0x000000011f302361:   48 89 e5 41 56 53 48 8d 05 d2 2a 03 00 48 83 38
0x000000011f302371:   00 48 89 fb 75 72 48 8d 05 ca 29 03 00 48 8b 30
0x000000011f302381:   48 8b 03 48 8d 15 7c 99 01 00 48 8d 0d 5e 6f 01
0x000000011f302391:   00 48 89 df ff 90 88 03 00 00 48 8d 0d 9e 2a 03 

Register to memory mapping:

RAX=0x000000011f334d48: jScreenClass+0 in /Library/Java/JavaVirtualMachines/jdk1.8.0_20.jdk/Contents/Home/jre/lib/libglass.dylib at 0x000000011f2ec000
RBX=0x0000000000000000 is an unknown value
RCX=0xd600d04737f7abc5 is an unknown value
RDX=0x00007fff752c41f8: __sFX+0x1c8 in /usr/lib/system/libsystem_c.dylib at 0x00007fff87126000
RSP=0x00007fff5a7df1c0 is an unknown value
RBP=0x00007fff5a7df1d0 is an unknown value
RSI=0x00007fe48ac2ae08 is a global jni handle
RDI=0x0000000000000000 is an unknown value
R8 =0x00007fff5a7df070 is an unknown value
R9 =0x00007fff772c0300: _thread+0 in /usr/lib/system/libsystem_pthread.dylib at 0x00007fff941ac000
R10=0x0000000000000000 is an unknown value
R11=0x0000000000000246 is an unknown value
R12=0x00007fe48ac32140 is an unknown value
R13=0x00000000000f4268 is an unknown value
R14=0x00007fe48af681c0 is an unknown value
R15=0x00007fff5a7df310 is an unknown value


Stack: [0x00007fff59fe2000,0x00007fff5a7e2000],  sp=0x00007fff5a7df1c0,  free space=8180k
Native frames: (J=compiled Java code, j=interpreted, Vv=VM code, C=native code)
C  [libglass.dylib+0x16381]  GlassScreenDidChangeScreenParameters+0x21
C  [CoreFoundation+0x11ecbc]  __CFNOTIFICATIONCENTER_IS_CALLING_OUT_TO_AN_OBSERVER__+0xc
C  [CoreFoundation+0x101b4]  _CFXNotificationPost+0xc44
C  [Foundation+0x2ea1]  -[NSNotificationCenter postNotificationName:object:userInfo:]+0x42
C  [AppKit+0x362dee]  -[NSApplication _reactToScreenInvalidationImmediately:]+0x17b
C  [AppKit+0x362c2d]  __44-[NSApplication _reactToScreenInvalidation:]_block_invoke+0x4b
C  [CoreFoundation+0x8054c]  __CFRUNLOOP_IS_CALLING_OUT_TO_A_BLOCK__+0xc
C  [CoreFoundation+0x72655]  __CFRunLoopDoBlocks+0x155
C  [CoreFoundation+0x72196]  __CFRunLoopRun+0x716
C  [CoreFoundation+0x71838]  CFRunLoopRunSpecific+0x128
C  [java+0x56cc]  CreateExecutionEnvironment+0x367
C  [java+0x165c]  JLI_Launch+0x7a0
C  [java+0x768a]  main+0x65
C  [java+0xeb4]  start+0x34


---------------  P R O C E S S  ---------------

VM state:at safepoint (normal execution)

VM Mutex/Monitor currently owned by a thread:  ([mutex/lock_event])
[0x00007fe48af02660] Threads_lock - owner thread: 0x00007fe48b05d000

Heap:
 PSYoungGen      total 38400K, used 12574K [0x0000000795580000, 0x0000000798000000, 0x00000007c0000000)
  eden space 33280K, 37% used [0x0000000795580000,0x00000007961c7b28,0x0000000797600000)
  from space 5120K, 0% used [0x0000000797b00000,0x0000000797b00000,0x0000000798000000)
  to   space 5120K, 0% used [0x0000000797600000,0x0000000797600000,0x0000000797b00000)
 ParOldGen       total 87552K, used 0K [0x0000000740000000, 0x0000000745580000, 0x0000000795580000)
  object space 87552K, 0% used [0x0000000740000000,0x0000000740000000,0x0000000745580000)
 Metaspace       used 6769K, capacity 7310K, committed 7552K, reserved 1056768K
  class space    used 815K, capacity 873K, committed 896K, reserved 1048576K

Card table byte_map: [0x00000001161de000,0x00000001165df000] byte_map_base: 0x00000001127de000

Marking Bits: (ParMarkBitMap*) 0x000000010669c330
 Begin Bits: [0x0000000116c96000, 0x0000000118c96000)
 End Bits:   [0x0000000118c96000, 0x000000011ac96000)

Polling page: 0x0000000105575000

CodeCache: size=245760Kb used=2036Kb max_used=2036Kb free=243723Kb
 bounds [0x0000000106e1e000, 0x000000010708e000, 0x0000000115e1e000]
 total_blobs=831 nmethods=451 adapters=295
 compilation: enabled

Compilation events (10 events):
Event: 0.462 Thread 0x00007fe48b062000  447       3       java.util.WeakHashMap::remove (133 bytes)
Event: 0.463 Thread 0x00007fe48b062000 nmethod 447 0x0000000107018b50 code [0x0000000107018d40, 0x0000000107019808]
Event: 0.463 Thread 0x00007fe48b062000  448       1       java.nio.Buffer::limit (5 bytes)
Event: 0.463 Thread 0x00007fe48b062000 nmethod 448 0x0000000107019c90 code [0x0000000107019de0, 0x0000000107019ef0]
Event: 0.463 Thread 0x00007fe48b062000  449       3       java.nio.ByteBuffer::arrayOffset (35 bytes)
Event: 0.463 Thread 0x00007fe48b062000 nmethod 449 0x0000000107019f50 code [0x000000010701a0e0, 0x000000010701a3d8]
Event: 0.463 Thread 0x00007fe48b062000  450       3       java.nio.Buffer::position (43 bytes)
Event: 0.464 Thread 0x00007fe48b062000 nmethod 450 0x000000010701a510 code [0x000000010701a680, 0x000000010701a928]
Event: 0.464 Thread 0x00007fe48b062000  451       3       java.nio.CharBuffer::arrayOffset (35 bytes)
Event: 0.464 Thread 0x00007fe48b062000 nmethod 451 0x000000010701a9d0 code [0x000000010701ab60, 0x000000010701ae58]

GC Heap History (0 events):
No events

Deoptimization events (0 events):
No events

Internal exceptions (10 events):
Event: 0.129 Thread 0x00007fe48c804000 Exception <a 'java/lang/NoSuchFieldError': method resolution failed> (0x0000000795882f38) thrown at [/HUDSON3/workspace/8-2-build-macosx-x86_64/jdk8u20/1074/hotspot/src/share/vm/prims/methodHandles.cpp, line 1159]
Event: 0.143 Thread 0x00007fe48c804000 Exception <a 'java/security/PrivilegedActionException'> (0x00000007958d5948) thrown at [/HUDSON3/workspace/8-2-build-macosx-x86_64/jdk8u20/1074/hotspot/src/share/vm/prims/jvm.cpp, line 1275]
Event: 0.143 Thread 0x00007fe48c804000 Exception <a 'java/security/PrivilegedActionException'> (0x00000007958d5b00) thrown at [/HUDSON3/workspace/8-2-build-macosx-x86_64/jdk8u20/1074/hotspot/src/share/vm/prims/jvm.cpp, line 1275]
Event: 0.143 Thread 0x00007fe48c804000 Exception <a 'java/security/PrivilegedActionException'> (0x00000007958d8cf0) thrown at [/HUDSON3/workspace/8-2-build-macosx-x86_64/jdk8u20/1074/hotspot/src/share/vm/prims/jvm.cpp, line 1275]
Event: 0.143 Thread 0x00007fe48c804000 Exception <a 'java/security/PrivilegedActionException'> (0x00000007958d8ea8) thrown at [/HUDSON3/workspace/8-2-build-macosx-x86_64/jdk8u20/1074/hotspot/src/share/vm/prims/jvm.cpp, line 1275]
Event: 0.143 Thread 0x00007fe48c804000 Exception <a 'java/lang/NullPointerException'> (0x00000007958da7c0) thrown at [/HUDSON3/workspace/8-2-build-macosx-x86_64/jdk8u20/1074/hotspot/src/share/vm/interpreter/linkResolver.cpp, line 1166]
Event: 0.399 Thread 0x00007fe48c97d800 Exception <a 'java/security/PrivilegedActionException'> (0x0000000795cae3a0) thrown at [/HUDSON3/workspace/8-2-build-macosx-x86_64/jdk8u20/1074/hotspot/src/share/vm/prims/jvm.cpp, line 1275]
Event: 0.399 Thread 0x00007fe48c97d800 Exception <a 'java/security/PrivilegedActionException'> (0x0000000795fd6cb8) thrown at [/HUDSON3/workspace/8-2-build-macosx-x86_64/jdk8u20/1074/hotspot/src/share/vm/prims/jvm.cpp, line 1275]
Event: 0.400 Thread 0x00007fe48c97d800 Exception <a 'java/security/PrivilegedActionException'> (0x0000000795fd9b10) thrown at [/HUDSON3/workspace/8-2-build-macosx-x86_64/jdk8u20/1074/hotspot/src/share/vm/prims/jvm.cpp, line 1275]
Event: 0.462 Thread 0x00007fe48c804000 Exception <a 'java/lang/reflect/InvocationTargetException'> (0x0000000795b9aaf0) thrown at [/HUDSON3/workspace/8-2-build-macosx-x86_64/jdk8u20/1074/hotspot/src/share/vm/runtime/reflection.cpp, line 1079]

Events (10 events):
Event: 0.467 loading class java/util/Formatter$Flags done
Event: 0.467 loading class java/util/Formatter$Conversion
Event: 0.467 loading class java/util/Formatter$Conversion done
Event: 0.467 loading class java/util/Formattable
Event: 0.467 loading class java/util/Formattable done
Event: 0.467 loading class java/util/IdentityHashMap$KeyIterator
Event: 0.467 loading class java/util/IdentityHashMap$IdentityHashMapIterator
Event: 0.467 loading class java/util/IdentityHashMap$IdentityHashMapIterator done
Event: 0.467 loading class java/util/IdentityHashMap$KeyIterator done
Event: 0.467 Executing VM operation: Exit


Dynamic libraries:
0x0000000004e40000 	/System/Library/Frameworks/Cocoa.framework/Versions/A/Cocoa
0x0000000004e40000 	/System/Library/Frameworks/Security.framework/Versions/A/Security
0x0000000004e40000 	/System/Library/Frameworks/ApplicationServices.framework/Versions/A/ApplicationServices
0x0000000004e40000 	/usr/lib/libz.1.dylib
0x0000000004e40000 	/usr/lib/libSystem.B.dylib
0x0000000004e40000 	/usr/lib/libobjc.A.dylib
0x0000000004e40000 	/System/Library/Frameworks/CoreFoundation.framework/Versions/A/CoreFoundation
0x0000000004e40000 	/System/Library/Frameworks/Foundation.framework/Versions/C/Foundation
0x0000000004e40000 	/System/Library/Frameworks/AppKit.framework/Versions/C/AppKit
0x0000000004e40000 	/System/Library/Frameworks/CoreData.framework/Versions/A/CoreData
0x0000000004e40000 	/System/Library/PrivateFrameworks/RemoteViewServices.framework/Versions/A/RemoteViewServices
0x0000000004e40000 	/System/Library/PrivateFrameworks/UIFoundation.framework/Versions/A/UIFoundation
0x0000000004e40000 	/System/Library/Frameworks/IOSurface.framework/Versions/A/IOSurface
0x0000000004e40000 	/System/Library/Frameworks/AudioToolbox.framework/Versions/A/AudioToolbox
0x0000000004e40000 	/System/Library/Frameworks/AudioUnit.framework/Versions/A/AudioUnit
0x0000000004e40000 	/System/Library/PrivateFrameworks/DataDetectorsCore.framework/Versions/A/DataDetectorsCore
0x0000000004e40000 	/System/Library/PrivateFrameworks/DesktopServicesPriv.framework/Versions/A/DesktopServicesPriv
0x0000000004e40000 	/System/Library/Frameworks/Carbon.framework/Versions/A/Frameworks/HIToolbox.framework/Versions/A/HIToolbox
0x0000000004e40000 	/System/Library/Frameworks/QuartzCore.framework/Versions/A/QuartzCore
0x0000000004e40000 	/System/Library/Frameworks/Carbon.framework/Versions/A/Frameworks/SpeechRecognition.framework/Versions/A/SpeechRecognition
0x0000000004e40000 	/usr/lib/libauto.dylib
0x0000000004e40000 	/usr/lib/libicucore.A.dylib
0x0000000004e40000 	/usr/lib/libxml2.2.dylib
0x0000000004e40000 	/System/Library/PrivateFrameworks/CoreUI.framework/Versions/A/CoreUI
0x0000000004e40000 	/System/Library/Frameworks/CoreAudio.framework/Versions/A/CoreAudio
0x0000000004e40000 	/System/Library/Frameworks/DiskArbitration.framework/Versions/A/DiskArbitration
0x0000000004e40000 	/usr/lib/liblangid.dylib
0x0000000004e40000 	/System/Library/PrivateFrameworks/MultitouchSupport.framework/Versions/A/MultitouchSupport
0x0000000004e40000 	/System/Library/Frameworks/IOKit.framework/Versions/A/IOKit
0x0000000004e40000 	/usr/lib/libDiagnosticMessagesClient.dylib
0x0000000004e40000 	/System/Library/Frameworks/CoreServices.framework/Versions/A/CoreServices
0x0000000004e40000 	/System/Library/PrivateFrameworks/PerformanceAnalysis.framework/Versions/A/PerformanceAnalysis
0x0000000004e40000 	/System/Library/PrivateFrameworks/GenerationalStorage.framework/Versions/A/GenerationalStorage
0x0000000004e40000 	/System/Library/Frameworks/OpenGL.framework/Versions/A/OpenGL
0x0000000004e40000 	/System/Library/PrivateFrameworks/Sharing.framework/Versions/A/Sharing
0x0000000004e40000 	/System/Library/Frameworks/CoreGraphics.framework/Versions/A/CoreGraphics
0x0000000004e40000 	/System/Library/Frameworks/CoreText.framework/Versions/A/CoreText
0x0000000004e40000 	/System/Library/Frameworks/ImageIO.framework/Versions/A/ImageIO
0x0000000004e40000 	/usr/lib/libextension.dylib
0x0000000004e40000 	/System/Library/PrivateFrameworks/Backup.framework/Versions/A/Backup
0x0000000004e40000 	/usr/lib/libarchive.2.dylib
0x0000000004e40000 	/System/Library/Frameworks/CFNetwork.framework/Versions/A/CFNetwork
0x0000000004e40000 	/System/Library/Frameworks/SystemConfiguration.framework/Versions/A/SystemConfiguration
0x0000000004e40000 	/usr/lib/libCRFSuite.dylib
0x0000000004e40000 	/usr/lib/libc++.1.dylib
0x0000000004e40000 	/usr/lib/libc++abi.dylib
0x0000000004e40000 	/usr/lib/system/libcache.dylib
0x0000000004e40000 	/usr/lib/system/libcommonCrypto.dylib
0x0000000004e40000 	/usr/lib/system/libcompiler_rt.dylib
0x0000000004e40000 	/usr/lib/system/libcopyfile.dylib
0x0000000004e40000 	/usr/lib/system/libcorecrypto.dylib
0x0000000004e40000 	/usr/lib/system/libdispatch.dylib
0x0000000004e40000 	/usr/lib/system/libdyld.dylib
0x0000000004e40000 	/usr/lib/system/libkeymgr.dylib
0x0000000004e40000 	/usr/lib/system/liblaunch.dylib
0x0000000004e40000 	/usr/lib/system/libmacho.dylib
0x0000000004e40000 	/usr/lib/system/libquarantine.dylib
0x0000000004e40000 	/usr/lib/system/libremovefile.dylib
0x0000000004e40000 	/usr/lib/system/libsystem_asl.dylib
0x0000000004e40000 	/usr/lib/system/libsystem_blocks.dylib
0x0000000004e40000 	/usr/lib/system/libsystem_c.dylib
0x0000000004e40000 	/usr/lib/system/libsystem_configuration.dylib
0x0000000004e40000 	/usr/lib/system/libsystem_coreservices.dylib
0x0000000004e40000 	/usr/lib/system/libsystem_coretls.dylib
0x0000000004e40000 	/usr/lib/system/libsystem_dnssd.dylib
0x0000000004e40000 	/usr/lib/system/libsystem_info.dylib
0x0000000004e40000 	/usr/lib/system/libsystem_kernel.dylib
0x0000000004e40000 	/usr/lib/system/libsystem_m.dylib
0x0000000004e40000 	/usr/lib/system/libsystem_malloc.dylib
0x0000000004e40000 	/usr/lib/system/libsystem_network.dylib
0x0000000004e40000 	/usr/lib/system/libsystem_networkextension.dylib
0x0000000004e40000 	/usr/lib/system/libsystem_notify.dylib
0x0000000004e40000 	/usr/lib/system/libsystem_platform.dylib
0x0000000004e40000 	/usr/lib/system/libsystem_pthread.dylib
0x0000000004e40000 	/usr/lib/system/libsystem_sandbox.dylib
0x0000000004e40000 	/usr/lib/system/libsystem_secinit.dylib
0x0000000004e40000 	/usr/lib/system/libsystem_stats.dylib
0x0000000004e40000 	/usr/lib/system/libsystem_trace.dylib
0x0000000004e40000 	/usr/lib/system/libunc.dylib
0x0000000004e40000 	/usr/lib/system/libunwind.dylib
0x0000000004e40000 	/usr/lib/system/libxpc.dylib
0x0000000004e40000 	/usr/lib/libbz2.1.0.dylib
0x0000000004e40000 	/usr/lib/liblzma.5.dylib
0x0000000004e40000 	/usr/lib/libbsm.0.dylib
0x0000000004e40000 	/usr/lib/libsqlite3.dylib
0x0000000004e40000 	/usr/lib/system/libkxld.dylib
0x0000000004e40000 	/usr/lib/libxar.1.dylib
0x0000000004e40000 	/usr/lib/libpam.2.dylib
0x0000000004e40000 	/usr/lib/libOpenScriptingUtil.dylib
0x0000000004e40000 	/System/Library/Frameworks/CoreServices.framework/Versions/A/Frameworks/FSEvents.framework/Versions/A/FSEvents
0x0000000004e40000 	/System/Library/Frameworks/CoreServices.framework/Versions/A/Frameworks/CarbonCore.framework/Versions/A/CarbonCore
0x0000000004e40000 	/System/Library/Frameworks/CoreServices.framework/Versions/A/Frameworks/Metadata.framework/Versions/A/Metadata
0x0000000004e40000 	/System/Library/Frameworks/CoreServices.framework/Versions/A/Frameworks/OSServices.framework/Versions/A/OSServices
0x0000000004e40000 	/System/Library/Frameworks/CoreServices.framework/Versions/A/Frameworks/SearchKit.framework/Versions/A/SearchKit
0x0000000004e40000 	/System/Library/Frameworks/CoreServices.framework/Versions/A/Frameworks/AE.framework/Versions/A/AE
0x0000000004e40000 	/System/Library/Frameworks/CoreServices.framework/Versions/A/Frameworks/LaunchServices.framework/Versions/A/LaunchServices
0x0000000004e40000 	/System/Library/Frameworks/CoreServices.framework/Versions/A/Frameworks/DictionaryServices.framework/Versions/A/DictionaryServices
0x0000000004e40000 	/System/Library/Frameworks/NetFS.framework/Versions/A/NetFS
0x0000000004e40000 	/System/Library/PrivateFrameworks/NetAuth.framework/Versions/A/NetAuth
0x0000000004e40000 	/System/Library/PrivateFrameworks/login.framework/Versions/A/Frameworks/loginsupport.framework/Versions/A/loginsupport
0x0000000004e40000 	/System/Library/PrivateFrameworks/TCC.framework/Versions/A/TCC
0x0000000004e40000 	/usr/lib/libmecabra.dylib
0x0000000004e40000 	/System/Library/PrivateFrameworks/LanguageModeling.framework/Versions/A/LanguageModeling
0x0000000004e40000 	/usr/lib/libcmph.dylib
0x0000000004e40000 	/usr/lib/libiconv.2.dylib
0x0000000004e40000 	/System/Library/Frameworks/OpenDirectory.framework/Versions/A/Frameworks/CFOpenDirectory.framework/Versions/A/CFOpenDirectory
0x0000000004e40000 	/System/Library/Frameworks/ServiceManagement.framework/Versions/A/ServiceManagement
0x0000000004e40000 	/usr/lib/libxslt.1.dylib
0x0000000004e40000 	/System/Library/Frameworks/Carbon.framework/Versions/A/Frameworks/Ink.framework/Versions/A/Ink
0x0000000004e40000 	/System/Library/Frameworks/ApplicationServices.framework/Versions/A/Frameworks/ATS.framework/Versions/A/ATS
0x0000000004e40000 	/System/Library/Frameworks/ApplicationServices.framework/Versions/A/Frameworks/ColorSync.framework/Versions/A/ColorSync
0x0000000004e40000 	/System/Library/Frameworks/ApplicationServices.framework/Versions/A/Frameworks/HIServices.framework/Versions/A/HIServices
0x0000000004e40000 	/System/Library/Frameworks/ApplicationServices.framework/Versions/A/Frameworks/LangAnalysis.framework/Versions/A/LangAnalysis
0x0000000004e40000 	/System/Library/Frameworks/ApplicationServices.framework/Versions/A/Frameworks/PrintCore.framework/Versions/A/PrintCore
0x0000000004e40000 	/System/Library/Frameworks/ApplicationServices.framework/Versions/A/Frameworks/QD.framework/Versions/A/QD
0x0000000004e40000 	/System/Library/Frameworks/ApplicationServices.framework/Versions/A/Frameworks/SpeechSynthesis.framework/Versions/A/SpeechSynthesis
0x0000000004e40000 	/System/Library/Frameworks/Accelerate.framework/Versions/A/Accelerate
0x0000000004e40000 	/System/Library/Frameworks/Accelerate.framework/Versions/A/Frameworks/vImage.framework/Versions/A/vImage
0x0000000004e40000 	/System/Library/Frameworks/Accelerate.framework/Versions/A/Frameworks/vecLib.framework/Versions/A/vecLib
0x0000000004e40000 	/System/Library/Frameworks/Accelerate.framework/Versions/A/Frameworks/vecLib.framework/Versions/A/libvDSP.dylib
0x0000000004e40000 	/System/Library/Frameworks/Accelerate.framework/Versions/A/Frameworks/vecLib.framework/Versions/A/libvMisc.dylib
0x0000000004e40000 	/System/Library/Frameworks/Accelerate.framework/Versions/A/Frameworks/vecLib.framework/Versions/A/libLAPACK.dylib
0x0000000004e40000 	/System/Library/Frameworks/Accelerate.framework/Versions/A/Frameworks/vecLib.framework/Versions/A/libBLAS.dylib
0x0000000004e40000 	/System/Library/Frameworks/Accelerate.framework/Versions/A/Frameworks/vecLib.framework/Versions/A/libLinearAlgebra.dylib
0x0000000004e40000 	/System/Library/Frameworks/ApplicationServices.framework/Versions/A/Frameworks/ATS.framework/Versions/A/Resources/libFontParser.dylib
0x0000000004e40000 	/System/Library/Frameworks/ApplicationServices.framework/Versions/A/Frameworks/ATS.framework/Versions/A/Resources/libFontRegistry.dylib
0x0000000004e40000 	/System/Library/PrivateFrameworks/AppleVPA.framework/Versions/A/AppleVPA
0x0000000004e40000 	/System/Library/PrivateFrameworks/AppleJPEG.framework/Versions/A/AppleJPEG
0x0000000004e40000 	/System/Library/Frameworks/ImageIO.framework/Versions/A/Resources/libJPEG.dylib
0x0000000004e40000 	/System/Library/Frameworks/ImageIO.framework/Versions/A/Resources/libTIFF.dylib
0x0000000004e40000 	/System/Library/Frameworks/ImageIO.framework/Versions/A/Resources/libPng.dylib
0x0000000004e40000 	/System/Library/Frameworks/ImageIO.framework/Versions/A/Resources/libGIF.dylib
0x0000000004e40000 	/System/Library/Frameworks/ImageIO.framework/Versions/A/Resources/libJP2.dylib
0x0000000004e40000 	/System/Library/Frameworks/ImageIO.framework/Versions/A/Resources/libRadiance.dylib
0x0000000004e40000 	/System/Library/Frameworks/CoreVideo.framework/Versions/A/CoreVideo
0x0000000004e40000 	/System/Library/Frameworks/OpenGL.framework/Versions/A/Libraries/libGLU.dylib
0x0000000004e40000 	/System/Library/Frameworks/OpenGL.framework/Versions/A/Libraries/libGFXShared.dylib
0x0000000004e40000 	/System/Library/Frameworks/OpenGL.framework/Versions/A/Libraries/libGL.dylib
0x0000000004e40000 	/System/Library/Frameworks/OpenGL.framework/Versions/A/Libraries/libGLImage.dylib
0x0000000004e40000 	/System/Library/Frameworks/OpenGL.framework/Versions/A/Libraries/libCVMSPluginSupport.dylib
0x0000000004e40000 	/System/Library/Frameworks/OpenGL.framework/Versions/A/Libraries/libCoreVMClient.dylib
0x0000000004e40000 	/usr/lib/libcups.2.dylib
0x0000000004e40000 	/System/Library/Frameworks/Kerberos.framework/Versions/A/Kerberos
0x0000000004e40000 	/System/Library/Frameworks/GSS.framework/Versions/A/GSS
0x0000000004e40000 	/usr/lib/libresolv.9.dylib
0x0000000004e40000 	/System/Library/PrivateFrameworks/Heimdal.framework/Versions/A/Heimdal
0x0000000004e40000 	/usr/lib/libheimdal-asn1.dylib
0x0000000004e40000 	/System/Library/Frameworks/OpenDirectory.framework/Versions/A/OpenDirectory
0x0000000004e40000 	/System/Library/PrivateFrameworks/CommonAuth.framework/Versions/A/CommonAuth
0x0000000004e40000 	/System/Library/Frameworks/SecurityFoundation.framework/Versions/A/SecurityFoundation
0x0000000004e40000 	/System/Library/Frameworks/QuartzCore.framework/Versions/A/Frameworks/CoreImage.framework/Versions/A/CoreImage
0x0000000004e40000 	/System/Library/PrivateFrameworks/CrashReporterSupport.framework/Versions/A/CrashReporterSupport
0x0000000004e40000 	/System/Library/Frameworks/OpenCL.framework/Versions/A/OpenCL
0x0000000004e40000 	/System/Library/PrivateFrameworks/FaceCore.framework/Versions/A/FaceCore
0x0000000004e40000 	/System/Library/PrivateFrameworks/Ubiquity.framework/Versions/A/Ubiquity
0x0000000004e40000 	/System/Library/PrivateFrameworks/IconServices.framework/Versions/A/IconServices
0x0000000004e40000 	/System/Library/PrivateFrameworks/ChunkingLibrary.framework/Versions/A/ChunkingLibrary
0x0000000004e40000 	/System/Library/PrivateFrameworks/Apple80211.framework/Versions/A/Apple80211
0x0000000004e40000 	/System/Library/Frameworks/CoreWLAN.framework/Versions/A/CoreWLAN
0x0000000004e40000 	/System/Library/Frameworks/IOBluetooth.framework/Versions/A/IOBluetooth
0x0000000004e40000 	/System/Library/PrivateFrameworks/CoreWiFi.framework/Versions/A/CoreWiFi
0x0000000004e40000 	/System/Library/Frameworks/CoreBluetooth.framework/Versions/A/CoreBluetooth
0x0000000004e40000 	/System/Library/PrivateFrameworks/DebugSymbols.framework/Versions/A/DebugSymbols
0x0000000004e40000 	/System/Library/PrivateFrameworks/CoreSymbolication.framework/Versions/A/CoreSymbolication
0x0000000004e40000 	/System/Library/PrivateFrameworks/Symbolication.framework/Versions/A/Symbolication
0x0000000004e40000 	/System/Library/PrivateFrameworks/SpeechRecognitionCore.framework/Versions/A/SpeechRecognitionCore
0x0000000105e00000 	/Library/Java/JavaVirtualMachines/jdk1.8.0_20.jdk/Contents/Home/jre/lib/server/libjvm.dylib
0x0000000004e40000 	/usr/lib/libstdc++.6.dylib
0x0000000105533000 	/Library/Java/JavaVirtualMachines/jdk1.8.0_20.jdk/Contents/Home/jre/lib/libverify.dylib
0x0000000105541000 	/Library/Java/JavaVirtualMachines/jdk1.8.0_20.jdk/Contents/Home/jre/lib/libjava.dylib
0x000000010557f000 	/Library/Java/JavaVirtualMachines/jdk1.8.0_20.jdk/Contents/Home/jre/lib/libzip.dylib
0x000000011ce22000 	/System/Library/Frameworks/JavaVM.framework/Frameworks/JavaRuntimeSupport.framework/JavaRuntimeSupport
0x000000011ce3a000 	/System/Library/Frameworks/JavaVM.framework/Versions/A/Frameworks/JavaNativeFoundation.framework/Versions/A/JavaNativeFoundation
0x000000011ce4f000 	/System/Library/Frameworks/JavaVM.framework/Versions/A/JavaVM
0x0000000004e40000 	/System/Library/Frameworks/Carbon.framework/Versions/A/Carbon
0x000000011ce5c000 	/System/Library/PrivateFrameworks/JavaLaunching.framework/Versions/A/JavaLaunching
0x0000000004e40000 	/System/Library/Frameworks/Carbon.framework/Versions/A/Frameworks/CommonPanels.framework/Versions/A/CommonPanels
0x0000000004e40000 	/System/Library/Frameworks/Carbon.framework/Versions/A/Frameworks/Help.framework/Versions/A/Help
0x0000000004e40000 	/System/Library/Frameworks/Carbon.framework/Versions/A/Frameworks/ImageCapture.framework/Versions/A/ImageCapture
0x0000000004e40000 	/System/Library/Frameworks/Carbon.framework/Versions/A/Frameworks/OpenScripting.framework/Versions/A/OpenScripting
0x0000000004e40000 	/System/Library/Frameworks/Carbon.framework/Versions/A/Frameworks/Print.framework/Versions/A/Print
0x0000000004e40000 	/System/Library/Frameworks/Carbon.framework/Versions/A/Frameworks/SecurityHI.framework/Versions/A/SecurityHI
0x000000011ee3f000 	/Library/Java/JavaVirtualMachines/jdk1.8.0_20.jdk/Contents/Home/jre/lib/libprism_es2.dylib
0x0000000004e40000 	/System/Library/Frameworks/OpenGL.framework/Versions/A/Resources/GLEngine.bundle/GLEngine
0x0000000004e40000 	/System/Library/Frameworks/OpenGL.framework/Versions/A/Libraries/libGLProgrammability.dylib
0x0000000000000000 	/System/Library/Extensions/AppleIntelHD5000GraphicsGLDriver.bundle/Contents/MacOS/AppleIntelHD5000GraphicsGLDriver
0x0000000004e40000 	/System/Library/PrivateFrameworks/IOAccelerator.framework/Versions/A/IOAccelerator
0x0000000004e40000 	/System/Library/PrivateFrameworks/GPUSupport.framework/Versions/A/Libraries/libGPUSupportMercury.dylib
0x0000000004e40000 	/System/Library/Frameworks/OpenGL.framework/Versions/A/Resources/GLRendererFloat.bundle/GLRendererFloat
0x0000000004e40000 	/System/Library/Frameworks/OpenCL.framework/Versions/A/Libraries/libcldcpuengine.dylib
0x0000000004e40000 	/System/Library/PrivateFrameworks/DiskImages.framework/Versions/A/DiskImages
0x0000000004e40000 	/System/Library/Frameworks/DiscRecording.framework/Versions/A/DiscRecording
0x0000000004e40000 	/usr/lib/libcsfde.dylib
0x0000000004e40000 	/usr/lib/libcurl.4.dylib
0x0000000004e40000 	/System/Library/PrivateFrameworks/MediaKit.framework/Versions/A/MediaKit
0x0000000004e40000 	/System/Library/PrivateFrameworks/ProtectedCloudStorage.framework/Versions/A/ProtectedCloudStorage
0x0000000004e40000 	/usr/lib/libCoreStorage.dylib
0x0000000004e40000 	/System/Library/PrivateFrameworks/EFILogin.framework/Versions/A/EFILogin
0x0000000004e40000 	/usr/lib/libutil.dylib
0x0000000004e40000 	/System/Library/PrivateFrameworks/FindMyDevice.framework/Versions/A/FindMyDevice
0x0000000004e40000 	/System/Library/Frameworks/LDAP.framework/Versions/A/LDAP
0x0000000004e40000 	/usr/lib/libsasl2.2.dylib
0x0000000004e40000 	/System/Library/PrivateFrameworks/CoreDaemon.framework/Versions/B/CoreDaemon
0x0000000004e40000 	/usr/lib/libcrypto.0.9.8.dylib
0x0000000004e40000 	/System/Library/PrivateFrameworks/AppleSRP.framework/Versions/A/AppleSRP
0x0000000004e40000 	/System/Library/PrivateFrameworks/TrustEvaluationAgent.framework/Versions/A/TrustEvaluationAgent
0x000000011f2ec000 	/Library/Java/JavaVirtualMachines/jdk1.8.0_20.jdk/Contents/Home/jre/lib/libglass.dylib
0x0000000004e40000 	/System/Library/PrivateFrameworks/CoreServicesInternal.framework/Versions/A/CoreServicesInternal
0x0000000004e40000 	/System/Library/PrivateFrameworks/CloudDocs.framework/Versions/A/CloudDocs
0x0000000004e40000 	/System/Library/PrivateFrameworks/CoreDuet.framework/Versions/A/CoreDuet
0x0000000004e40000 	/System/Library/Frameworks/CloudKit.framework/Versions/A/CloudKit
0x0000000004e40000 	/System/Library/PrivateFrameworks/ProtocolBuffer.framework/Versions/A/ProtocolBuffer
0x0000000004e40000 	/System/Library/PrivateFrameworks/CoreDuetDaemonProtocol.framework/Versions/A/CoreDuetDaemonProtocol
0x0000000004e40000 	/System/Library/PrivateFrameworks/CoreDuetDebugLogging.framework/Versions/A/CoreDuetDebugLogging
0x0000000004e40000 	/System/Library/Frameworks/CoreLocation.framework/Versions/A/CoreLocation
0x0000000004e40000 	/System/Library/Frameworks/Accounts.framework/Versions/A/Accounts
0x0000000004e40000 	/System/Library/PrivateFrameworks/ApplePushService.framework/Versions/A/ApplePushService
0x0000000004e40000 	/System/Library/PrivateFrameworks/GeoServices.framework/Versions/A/GeoServices
0x0000000004e40000 	/System/Library/PrivateFrameworks/OAuth.framework/Versions/A/OAuth
0x0000000004e40000 	/System/Library/Frameworks/CoreGraphics.framework/Versions/A/Resources/libCGCMS.A.dylib
0x0000000004e40000 	/System/Library/CoreServices/RawCamera.bundle/Contents/MacOS/RawCamera
0x0000000004e40000 	/System/Library/Frameworks/CoreGraphics.framework/Versions/A/Resources/libRIP.A.dylib
0x0000000004e40000 	/System/Library/PrivateFrameworks/FamilyControls.framework/Versions/A/FamilyControls
0x0000000004e40000 	/System/Library/PrivateFrameworks/CommerceKit.framework/Versions/A/Frameworks/CommerceCore.framework/Versions/A/CommerceCore
0x0000000004e40000 	/System/Library/PrivateFrameworks/SystemAdministration.framework/Versions/A/SystemAdministration
0x0000000004e40000 	/System/Library/PrivateFrameworks/AppContainer.framework/Versions/A/AppContainer
0x0000000004e40000 	/System/Library/PrivateFrameworks/SecCodeWrapper.framework/Versions/A/SecCodeWrapper
0x0000000004e40000 	/System/Library/Frameworks/DirectoryService.framework/Versions/A/DirectoryService
0x0000000004e40000 	/System/Library/PrivateFrameworks/LoginUIKit.framework/Versions/A/Frameworks/LoginUICore.framework/Versions/A/LoginUICore
0x0000000004e40000 	/usr/lib/libodfde.dylib

VM Arguments:
jvm_args: -Dfile.encoding=UTF-8 
java_command: Game.Game
java_class_path (initial): /Users/Feerny/Documents/workspace/BloodyStreetFighter/bin
Launcher Type: SUN_STANDARD

Environment Variables:
PATH=/usr/bin:/bin:/usr/sbin:/sbin
SHELL=/bin/bash

Signal Handlers:
SIGSEGV: [libjvm.dylib+0x578fd7], sa_mask[0]=11111111011111110111111111111111, sa_flags=SA_ONSTACK|SA_RESTART|SA_SIGINFO
SIGBUS: [libjvm.dylib+0x578fd7], sa_mask[0]=11111111011111110111111111111111, sa_flags=SA_RESTART|SA_SIGINFO
SIGFPE: [libjvm.dylib+0x45ab0c], sa_mask[0]=11111111011111110111111111111111, sa_flags=SA_RESTART|SA_SIGINFO
SIGPIPE: [libjvm.dylib+0x45ab0c], sa_mask[0]=11111111011111110111111111111111, sa_flags=SA_RESTART|SA_SIGINFO
SIGXFSZ: [libjvm.dylib+0x45ab0c], sa_mask[0]=11111111011111110111111111111111, sa_flags=SA_RESTART|SA_SIGINFO
SIGILL: [libjvm.dylib+0x45ab0c], sa_mask[0]=11111111011111110111111111111111, sa_flags=SA_RESTART|SA_SIGINFO
SIGUSR1: SIG_DFL, sa_mask[0]=00000000000000000000000000000000, sa_flags=none
SIGUSR2: [libjvm.dylib+0x45a62a], sa_mask[0]=00100000000000000000000000000000, sa_flags=SA_RESTART|SA_SIGINFO
SIGHUP: [libjvm.dylib+0x458bfd], sa_mask[0]=11111111011111110111111111111111, sa_flags=SA_RESTART|SA_SIGINFO
SIGINT: [libjvm.dylib+0x458bfd], sa_mask[0]=11111111011111110111111111111111, sa_flags=SA_RESTART|SA_SIGINFO
SIGTERM: [libjvm.dylib+0x458bfd], sa_mask[0]=11111111011111110111111111111111, sa_flags=SA_RESTART|SA_SIGINFO
SIGQUIT: [libjvm.dylib+0x458bfd], sa_mask[0]=11111111011111110111111111111111, sa_flags=SA_RESTART|SA_SIGINFO


---------------  S Y S T E M  ---------------

OS:Bsduname:Darwin 14.0.0 Darwin Kernel Version 14.0.0: Fri Sep 19 00:26:44 PDT 2014; root:xnu-2782.1.97~2/RELEASE_X86_64 x86_64
rlimit: STACK 8192k, CORE 0k, NPROC 709, NOFILE 10240, AS infinity
load average:1.76 1.86 1.76

CPU:total 4 (2 cores per cpu, 2 threads per core) family 6 model 69 stepping 1, cmov, cx8, fxsr, mmx, sse, sse2, sse3, ssse3, sse4.1, sse4.2, popcnt, avx, avx2, aes, clmul, erms, rtm, lzcnt, ht, tsc, tscinvbit, bmi1, bmi2

Memory: 4k page, physical 8388608k(985520k free)

/proc/meminfo:


vm_info: Java HotSpot(TM) 64-Bit Server VM (25.20-b23) for bsd-amd64 JRE (1.8.0_20-b26), built on Jul 30 2014 13:37:47 by "java_re" with gcc 4.2.1 (Based on Apple Inc. build 5658) (LLVM build 2336.9.00)

time: Wed Nov 26 12:33:49 2014
elapsed time: 0 seconds (0d 0h 0m 0s)

