#
# A fatal error has been detected by the Java Runtime Environment:
#
#  SIGSEGV (0xb) at pc=0x00000001268dd3fd, pid=5801, tid=1811
#
# JRE version: Java(TM) SE Runtime Environment (8.0_20-b26) (build 1.8.0_20-b26)
# Java VM: Java HotSpot(TM) 64-Bit Server VM (25.20-b23 mixed mode bsd-amd64 compressed oops)
# Problematic frame:
# C  [libglass.dylib+0x163fd]  GlassScreenDidChangeScreenParameters+0x9d
#
# Failed to write core dump. Core dumps have been disabled. To enable core dumping, try "ulimit -c unlimited" before starting Java again
#
# If you would like to submit a bug report, please visit:
#   http://bugreport.sun.com/bugreport/crash.jsp
#

---------------  T H R E A D  ---------------

Current thread is native thread

siginfo: si_signo: 11 (SIGSEGV), si_code: 1 (SEGV_MAPERR), si_addr: 0x0000000000000000

Registers:
RAX=0x000000012690fe40, RBX=0x0000000000000000, RCX=0x9300def546eb9da6, RDX=0x00007fe279e7a4d0
RSP=0x00007fff534221c0, RBP=0x00007fff534221d0, RSI=0x00007fe279d0e888, RDI=0x0000000000000000
R8 =0x00007fff53422070, R9 =0x00007fff77306300, R10=0x0000000000000000, R11=0x0000000000000246
R12=0x00007fe279c0c4f0, R13=0x00000000000f4268, R14=0x00007fe279d76510, R15=0x00007fff53422310
RIP=0x00000001268dd3fd, EFLAGS=0x0000000000010202, ERR=0x0000000000000004
  TRAPNO=0x000000000000000e

Top of Stack: (sp=0x00007fff534221c0)
0x00007fff534221c0:   00007fff534223a0 00007fe279d76510
0x00007fff534221d0:   00007fff534221e0 00007fff89c3acdc
0x00007fff534221e0:   00007fff53422540 00007fff89b2c244
0x00007fff534221f0:   00007fff53422240 0000000000001400
0x00007fff53422200:   00007fff773aacf0 00007fe279d4ee00
0x00007fff53422210:   0000000000001002 0000000000000270
0x00007fff53422220:   00007fe279d4ee00 00007fe279d76510
0x00007fff53422230:   0000000000000000 00007fff53422310
0x00007fff53422240:   0000000000000000 00007fe279d764d0
0x00007fff53422250:   00007fff53422390 000000000000001a
0x00007fff53422260:   00000000000f4287 00007fe279e93580
0x00007fff53422270:   00007fe279d4fdd0 00007fe279c0c4f0
0x00007fff53422280:   0000000000000001 00000000000f4268
0x00007fff53422290:   00007fe279c0c4e0 00007fff95c2aacb
0x00007fff534222a0:   0000000000000001 0000000000000001
0x00007fff534222b0:   0000000000000030 0000000000000001
0x00007fff534222c0:   00007fff534222e0 00007fff95c30231
0x00007fff534222d0:   00007fff773a8dd0 0000000000000000
0x00007fff534222e0:   00007fff53422300 0000000000000002
0x00007fff534222f0:   0000330379d74760 00007fe279c0c514
0x00007fff53422300:   0000000000000000 00007fff89b21d1f
0x00007fff53422310:   00007fe279d76510 00007fff773a8dd0
0x00007fff53422320:   00007fff534223a0 0000000000000005
0x00007fff53422330:   00007fff53422370 00007fff95c2a53e
0x00007fff53422340:   000000010c7f8a00 0000000000000002
0x00007fff53422350:   000000010c7f5000 00007fe279e27e52
0x00007fff53422360:   0000000000000003 000000010c7f9e00
0x00007fff53422370:   00007fff53422460 00007fff95c292a2
0x00007fff53422380:   00007fe279e50250 00007fff53422548
0x00007fff53422390:   0000000000000017 0000000000000000
0x00007fff534223a0:   00000000000f4268 00007fff89b22013
0x00007fff534223b0:   00007fff00000000 00007fe279d54600 

Instructions: (pc=0x00000001268dd3fd)
0x00000001268dd3dd:   89 df 4c 89 f1 41 ff 90 68 04 00 00 48 8d 05 58
0x00000001268dd3ed:   29 03 00 48 8b 30 48 8d 05 46 2a 03 00 48 8b 10
0x00000001268dd3fd:   48 8b 0b 30 c0 48 89 df ff 91 68 04 00 00 48 8b
0x00000001268dd40d:   03 48 89 df ff 50 78 48 85 c0 74 36 49 89 c6 48 

Register to memory mapping:

RAX=0x000000012690fe40: jScreenNotifySettingsChanged+0 in /Library/Java/JavaVirtualMachines/jdk1.8.0_20.jdk/Contents/Home/jre/lib/libglass.dylib at 0x00000001268c7000
RBX=0x0000000000000000 is an unknown value
RCX=0x9300def546eb9da6 is an unknown value
RDX=0x00007fe279e7a4d0 is an unknown value
RSP=0x00007fff534221c0 is an unknown value
RBP=0x00007fff534221d0 is an unknown value
RSI=0x00007fe279d0e888 is a global jni handle
RDI=0x0000000000000000 is an unknown value
R8 =0x00007fff53422070 is an unknown value
R9 =0x00007fff77306300: _thread+0 in /usr/lib/system/libsystem_pthread.dylib at 0x00007fff89972000
R10=0x0000000000000000 is an unknown value
R11=0x0000000000000246 is an unknown value
R12=0x00007fe279c0c4f0 is an unknown value
R13=0x00000000000f4268 is an unknown value
R14=0x00007fe279d76510 is an unknown value
R15=0x00007fff53422310 is an unknown value


Stack: [0x00007fff52c25000,0x00007fff53425000],  sp=0x00007fff534221c0,  free space=8180k
Native frames: (J=compiled Java code, j=interpreted, Vv=VM code, C=native code)
C  [libglass.dylib+0x163fd]  GlassScreenDidChangeScreenParameters+0x9d
C  [CoreFoundation+0x11ecdc]  __CFNOTIFICATIONCENTER_IS_CALLING_OUT_TO_AN_OBSERVER__+0xc
C  [CoreFoundation+0x10244]  _CFXNotificationPost+0xc44
C  [Foundation+0x2c31]  -[NSNotificationCenter postNotificationName:object:userInfo:]+0x42
C  [AppKit+0x3637be]  -[NSApplication _reactToScreenInvalidationImmediately:]+0x17b
C  [AppKit+0x3635fd]  __44-[NSApplication _reactToScreenInvalidation:]_block_invoke+0x4b
C  [CoreFoundation+0x8056c]  __CFRUNLOOP_IS_CALLING_OUT_TO_A_BLOCK__+0xc
C  [CoreFoundation+0x72675]  __CFRunLoopDoBlocks+0x155
C  [CoreFoundation+0x721b6]  __CFRunLoopRun+0x716
C  [CoreFoundation+0x71858]  CFRunLoopRunSpecific+0x128
C  [java+0x56cc]  CreateExecutionEnvironment+0x367
C  [java+0x165c]  JLI_Launch+0x7a0
C  [java+0x768a]  main+0x65
C  [java+0xeb4]  start+0x34


---------------  P R O C E S S  ---------------

VM state:at safepoint (normal execution)

VM Mutex/Monitor currently owned by a thread:  ([mutex/lock_event])
[0x00007fe279e113d0] Threads_lock - owner thread: 0x00007fe27b053000

Heap:
 PSYoungGen      total 38400K, used 13905K [0x0000000795580000, 0x0000000798000000, 0x00000007c0000000)
  eden space 33280K, 41% used [0x0000000795580000,0x00000007963147d8,0x0000000797600000)
  from space 5120K, 0% used [0x0000000797b00000,0x0000000797b00000,0x0000000798000000)
  to   space 5120K, 0% used [0x0000000797600000,0x0000000797600000,0x0000000797b00000)
 ParOldGen       total 87552K, used 0K [0x0000000740000000, 0x0000000745580000, 0x0000000795580000)
  object space 87552K, 0% used [0x0000000740000000,0x0000000740000000,0x0000000745580000)
 Metaspace       used 7396K, capacity 7920K, committed 7936K, reserved 1056768K
  class space    used 925K, capacity 1008K, committed 1024K, reserved 1048576K

Card table byte_map: [0x000000011d5c0000,0x000000011d9c1000] byte_map_base: 0x0000000119bc0000

Marking Bits: (ParMarkBitMap*) 0x000000010d175330
 Begin Bits: [0x000000011e078000, 0x0000000120078000)
 End Bits:   [0x0000000120078000, 0x0000000122078000)

Polling page: 0x000000010d939000

CodeCache: size=245760Kb used=2174Kb max_used=2183Kb free=243585Kb
 bounds [0x000000010e200000, 0x000000010e470000, 0x000000011d200000]
 total_blobs=899 nmethods=487 adapters=327
 compilation: enabled

Compilation events (10 events):
Event: 0.475 Thread 0x00007fe27b033000 nmethod 483 0x000000010e41de90 code [0x000000010e41dfe0, 0x000000010e41e0f0]
Event: 0.476 Thread 0x00007fe27b033000  484       3       java.nio.ByteBuffer::arrayOffset (35 bytes)
Event: 0.476 Thread 0x00007fe27a010800  485       4       java.lang.String::getChars (62 bytes)
Event: 0.476 Thread 0x00007fe27b033000 nmethod 484 0x000000010e41e150 code [0x000000010e41e2e0, 0x000000010e41e5d8]
Event: 0.476 Thread 0x00007fe27b033000  486       3       java.nio.Buffer::position (43 bytes)
Event: 0.476 Thread 0x00007fe27b033000 nmethod 486 0x000000010e41e710 code [0x000000010e41e880, 0x000000010e41eb28]
Event: 0.476 Thread 0x00007fe27a813800  487       4       java.lang.AbstractStringBuilder::append (50 bytes)
Event: 0.477 Thread 0x00007fe27b033000  488       3       java.nio.CharBuffer::arrayOffset (35 bytes)
Event: 0.477 Thread 0x00007fe27b033000 nmethod 488 0x000000010e41ebd0 code [0x000000010e41ed60, 0x000000010e41f058]
Event: 0.477 Thread 0x00007fe27a010800 nmethod 485 0x000000010e421ed0 code [0x000000010e422020, 0x000000010e422158]

GC Heap History (0 events):
No events

Deoptimization events (0 events):
No events

Internal exceptions (10 events):
Event: 0.176 Thread 0x00007fe27b800000 Exception <a 'java/security/PrivilegedActionException'> (0x00000007958d8d90) thrown at [/HUDSON3/workspace/8-2-build-macosx-x86_64/jdk8u20/1074/hotspot/src/share/vm/prims/jvm.cpp, line 1275]
Event: 0.176 Thread 0x00007fe27b800000 Exception <a 'java/security/PrivilegedActionException'> (0x00000007958d8f48) thrown at [/HUDSON3/workspace/8-2-build-macosx-x86_64/jdk8u20/1074/hotspot/src/share/vm/prims/jvm.cpp, line 1275]
Event: 0.176 Thread 0x00007fe27b800000 Exception <a 'java/lang/NullPointerException'> (0x00000007958da860) thrown at [/HUDSON3/workspace/8-2-build-macosx-x86_64/jdk8u20/1074/hotspot/src/share/vm/interpreter/linkResolver.cpp, line 1166]
Event: 0.398 Thread 0x00007fe27a121000 Exception <a 'java/security/PrivilegedActionException'> (0x0000000795cae680) thrown at [/HUDSON3/workspace/8-2-build-macosx-x86_64/jdk8u20/1074/hotspot/src/share/vm/prims/jvm.cpp, line 1275]
Event: 0.398 Thread 0x00007fe27a121000 Exception <a 'java/security/PrivilegedActionException'> (0x0000000795fd6ee0) thrown at [/HUDSON3/workspace/8-2-build-macosx-x86_64/jdk8u20/1074/hotspot/src/share/vm/prims/jvm.cpp, line 1275]
Event: 0.399 Thread 0x00007fe27a121000 Exception <a 'java/security/PrivilegedActionException'> (0x0000000795fd9658) thrown at [/HUDSON3/workspace/8-2-build-macosx-x86_64/jdk8u20/1074/hotspot/src/share/vm/prims/jvm.cpp, line 1275]
Event: 0.399 Thread 0x00007fe27a121000 Exception <a 'java/security/PrivilegedActionException'> (0x0000000795fdbb98) thrown at [/HUDSON3/workspace/8-2-build-macosx-x86_64/jdk8u20/1074/hotspot/src/share/vm/prims/jvm.cpp, line 1275]
Event: 0.457 Thread 0x00007fe27a121000 Exception <a 'java/lang/NullPointerException'> (0x0000000796224c68) thrown at [/HUDSON3/workspace/8-2-build-macosx-x86_64/jdk8u20/1074/hotspot/src/share/vm/interpreter/linkResolver.cpp, line 1166]
Event: 0.457 Thread 0x00007fe27a121000 Exception <a 'java/lang/NullPointerException'> (0x0000000796224c68) thrown at [/HUDSON3/workspace/8-2-build-macosx-x86_64/jdk8u20/1074/hotspot/src/share/vm/prims/jvm.cpp, line 1279]
Event: 0.474 Thread 0x00007fe27b800000 Exception <a 'java/lang/reflect/InvocationTargetException'> (0x0000000795b9a980) thrown at [/HUDSON3/workspace/8-2-build-macosx-x86_64/jdk8u20/1074/hotspot/src/share/vm/runtime/reflection.cpp, line 1079]

Events (10 events):
Event: 0.479 loading class java/util/Formatter$Flags done
Event: 0.479 loading class java/util/Formatter$Conversion
Event: 0.479 loading class java/util/Formatter$Conversion done
Event: 0.480 loading class java/util/Formattable
Event: 0.480 loading class java/util/Formattable done
Event: 0.480 loading class java/util/IdentityHashMap$KeyIterator
Event: 0.480 loading class java/util/IdentityHashMap$IdentityHashMapIterator
Event: 0.480 loading class java/util/IdentityHashMap$IdentityHashMapIterator done
Event: 0.480 loading class java/util/IdentityHashMap$KeyIterator done
Event: 0.480 Executing VM operation: Exit


Dynamic libraries:
0x0000000006d24000 	/System/Library/Frameworks/Cocoa.framework/Versions/A/Cocoa
0x0000000006d24000 	/System/Library/Frameworks/Security.framework/Versions/A/Security
0x0000000006d24000 	/System/Library/Frameworks/ApplicationServices.framework/Versions/A/ApplicationServices
0x0000000006d24000 	/usr/lib/libz.1.dylib
0x0000000006d24000 	/usr/lib/libSystem.B.dylib
0x0000000006d24000 	/usr/lib/libobjc.A.dylib
0x0000000006d24000 	/System/Library/Frameworks/CoreFoundation.framework/Versions/A/CoreFoundation
0x0000000006d24000 	/System/Library/Frameworks/Foundation.framework/Versions/C/Foundation
0x0000000006d24000 	/System/Library/Frameworks/AppKit.framework/Versions/C/AppKit
0x0000000006d24000 	/System/Library/Frameworks/CoreData.framework/Versions/A/CoreData
0x0000000006d24000 	/System/Library/PrivateFrameworks/RemoteViewServices.framework/Versions/A/RemoteViewServices
0x0000000006d24000 	/System/Library/PrivateFrameworks/UIFoundation.framework/Versions/A/UIFoundation
0x0000000006d24000 	/System/Library/Frameworks/IOSurface.framework/Versions/A/IOSurface
0x0000000006d24000 	/System/Library/Frameworks/AudioToolbox.framework/Versions/A/AudioToolbox
0x0000000006d24000 	/System/Library/Frameworks/AudioUnit.framework/Versions/A/AudioUnit
0x0000000006d24000 	/System/Library/PrivateFrameworks/DataDetectorsCore.framework/Versions/A/DataDetectorsCore
0x0000000006d24000 	/System/Library/PrivateFrameworks/DesktopServicesPriv.framework/Versions/A/DesktopServicesPriv
0x0000000006d24000 	/System/Library/Frameworks/Carbon.framework/Versions/A/Frameworks/HIToolbox.framework/Versions/A/HIToolbox
0x0000000006d24000 	/System/Library/Frameworks/QuartzCore.framework/Versions/A/QuartzCore
0x0000000006d24000 	/System/Library/Frameworks/Carbon.framework/Versions/A/Frameworks/SpeechRecognition.framework/Versions/A/SpeechRecognition
0x0000000006d24000 	/usr/lib/libauto.dylib
0x0000000006d24000 	/usr/lib/libicucore.A.dylib
0x0000000006d24000 	/usr/lib/libxml2.2.dylib
0x0000000006d24000 	/System/Library/PrivateFrameworks/CoreUI.framework/Versions/A/CoreUI
0x0000000006d24000 	/System/Library/Frameworks/CoreAudio.framework/Versions/A/CoreAudio
0x0000000006d24000 	/System/Library/Frameworks/DiskArbitration.framework/Versions/A/DiskArbitration
0x0000000006d24000 	/usr/lib/liblangid.dylib
0x0000000006d24000 	/System/Library/PrivateFrameworks/MultitouchSupport.framework/Versions/A/MultitouchSupport
0x0000000006d24000 	/System/Library/Frameworks/IOKit.framework/Versions/A/IOKit
0x0000000006d24000 	/usr/lib/libDiagnosticMessagesClient.dylib
0x0000000006d24000 	/System/Library/Frameworks/CoreServices.framework/Versions/A/CoreServices
0x0000000006d24000 	/System/Library/PrivateFrameworks/PerformanceAnalysis.framework/Versions/A/PerformanceAnalysis
0x0000000006d24000 	/System/Library/PrivateFrameworks/GenerationalStorage.framework/Versions/A/GenerationalStorage
0x0000000006d24000 	/System/Library/Frameworks/OpenGL.framework/Versions/A/OpenGL
0x0000000006d24000 	/System/Library/PrivateFrameworks/Sharing.framework/Versions/A/Sharing
0x0000000006d24000 	/System/Library/Frameworks/CoreGraphics.framework/Versions/A/CoreGraphics
0x0000000006d24000 	/System/Library/Frameworks/CoreText.framework/Versions/A/CoreText
0x0000000006d24000 	/System/Library/Frameworks/ImageIO.framework/Versions/A/ImageIO
0x0000000006d24000 	/usr/lib/libextension.dylib
0x0000000006d24000 	/System/Library/PrivateFrameworks/Backup.framework/Versions/A/Backup
0x0000000006d24000 	/usr/lib/libarchive.2.dylib
0x0000000006d24000 	/System/Library/Frameworks/CFNetwork.framework/Versions/A/CFNetwork
0x0000000006d24000 	/System/Library/Frameworks/SystemConfiguration.framework/Versions/A/SystemConfiguration
0x0000000006d24000 	/usr/lib/libCRFSuite.dylib
0x0000000006d24000 	/usr/lib/libc++.1.dylib
0x0000000006d24000 	/usr/lib/libc++abi.dylib
0x0000000006d24000 	/usr/lib/system/libcache.dylib
0x0000000006d24000 	/usr/lib/system/libcommonCrypto.dylib
0x0000000006d24000 	/usr/lib/system/libcompiler_rt.dylib
0x0000000006d24000 	/usr/lib/system/libcopyfile.dylib
0x0000000006d24000 	/usr/lib/system/libcorecrypto.dylib
0x0000000006d24000 	/usr/lib/system/libdispatch.dylib
0x0000000006d24000 	/usr/lib/system/libdyld.dylib
0x0000000006d24000 	/usr/lib/system/libkeymgr.dylib
0x0000000006d24000 	/usr/lib/system/liblaunch.dylib
0x0000000006d24000 	/usr/lib/system/libmacho.dylib
0x0000000006d24000 	/usr/lib/system/libquarantine.dylib
0x0000000006d24000 	/usr/lib/system/libremovefile.dylib
0x0000000006d24000 	/usr/lib/system/libsystem_asl.dylib
0x0000000006d24000 	/usr/lib/system/libsystem_blocks.dylib
0x0000000006d24000 	/usr/lib/system/libsystem_c.dylib
0x0000000006d24000 	/usr/lib/system/libsystem_configuration.dylib
0x0000000006d24000 	/usr/lib/system/libsystem_coreservices.dylib
0x0000000006d24000 	/usr/lib/system/libsystem_coretls.dylib
0x0000000006d24000 	/usr/lib/system/libsystem_dnssd.dylib
0x0000000006d24000 	/usr/lib/system/libsystem_info.dylib
0x0000000006d24000 	/usr/lib/system/libsystem_kernel.dylib
0x0000000006d24000 	/usr/lib/system/libsystem_m.dylib
0x0000000006d24000 	/usr/lib/system/libsystem_malloc.dylib
0x0000000006d24000 	/usr/lib/system/libsystem_network.dylib
0x0000000006d24000 	/usr/lib/system/libsystem_networkextension.dylib
0x0000000006d24000 	/usr/lib/system/libsystem_notify.dylib
0x0000000006d24000 	/usr/lib/system/libsystem_platform.dylib
0x0000000006d24000 	/usr/lib/system/libsystem_pthread.dylib
0x0000000006d24000 	/usr/lib/system/libsystem_sandbox.dylib
0x0000000006d24000 	/usr/lib/system/libsystem_secinit.dylib
0x0000000006d24000 	/usr/lib/system/libsystem_stats.dylib
0x0000000006d24000 	/usr/lib/system/libsystem_trace.dylib
0x0000000006d24000 	/usr/lib/system/libunc.dylib
0x0000000006d24000 	/usr/lib/system/libunwind.dylib
0x0000000006d24000 	/usr/lib/system/libxpc.dylib
0x0000000006d24000 	/usr/lib/libbz2.1.0.dylib
0x0000000006d24000 	/usr/lib/liblzma.5.dylib
0x0000000006d24000 	/usr/lib/libbsm.0.dylib
0x0000000006d24000 	/usr/lib/libsqlite3.dylib
0x0000000006d24000 	/usr/lib/system/libkxld.dylib
0x0000000006d24000 	/usr/lib/libxar.1.dylib
0x0000000006d24000 	/usr/lib/libpam.2.dylib
0x0000000006d24000 	/usr/lib/libOpenScriptingUtil.dylib
0x0000000006d24000 	/System/Library/Frameworks/CoreServices.framework/Versions/A/Frameworks/FSEvents.framework/Versions/A/FSEvents
0x0000000006d24000 	/System/Library/Frameworks/CoreServices.framework/Versions/A/Frameworks/CarbonCore.framework/Versions/A/CarbonCore
0x0000000006d24000 	/System/Library/Frameworks/CoreServices.framework/Versions/A/Frameworks/Metadata.framework/Versions/A/Metadata
0x0000000006d24000 	/System/Library/Frameworks/CoreServices.framework/Versions/A/Frameworks/OSServices.framework/Versions/A/OSServices
0x0000000006d24000 	/System/Library/Frameworks/CoreServices.framework/Versions/A/Frameworks/SearchKit.framework/Versions/A/SearchKit
0x0000000006d24000 	/System/Library/Frameworks/CoreServices.framework/Versions/A/Frameworks/AE.framework/Versions/A/AE
0x0000000006d24000 	/System/Library/Frameworks/CoreServices.framework/Versions/A/Frameworks/LaunchServices.framework/Versions/A/LaunchServices
0x0000000006d24000 	/System/Library/Frameworks/CoreServices.framework/Versions/A/Frameworks/DictionaryServices.framework/Versions/A/DictionaryServices
0x0000000006d24000 	/System/Library/Frameworks/NetFS.framework/Versions/A/NetFS
0x0000000006d24000 	/System/Library/PrivateFrameworks/NetAuth.framework/Versions/A/NetAuth
0x0000000006d24000 	/System/Library/PrivateFrameworks/login.framework/Versions/A/Frameworks/loginsupport.framework/Versions/A/loginsupport
0x0000000006d24000 	/System/Library/PrivateFrameworks/TCC.framework/Versions/A/TCC
0x0000000006d24000 	/usr/lib/libmecabra.dylib
0x0000000006d24000 	/System/Library/Frameworks/ApplicationServices.framework/Versions/A/Frameworks/ATS.framework/Versions/A/ATS
0x0000000006d24000 	/System/Library/Frameworks/ApplicationServices.framework/Versions/A/Frameworks/ColorSync.framework/Versions/A/ColorSync
0x0000000006d24000 	/System/Library/Frameworks/ApplicationServices.framework/Versions/A/Frameworks/HIServices.framework/Versions/A/HIServices
0x0000000006d24000 	/System/Library/Frameworks/ApplicationServices.framework/Versions/A/Frameworks/LangAnalysis.framework/Versions/A/LangAnalysis
0x0000000006d24000 	/System/Library/Frameworks/ApplicationServices.framework/Versions/A/Frameworks/PrintCore.framework/Versions/A/PrintCore
0x0000000006d24000 	/System/Library/Frameworks/ApplicationServices.framework/Versions/A/Frameworks/QD.framework/Versions/A/QD
0x0000000006d24000 	/System/Library/Frameworks/ApplicationServices.framework/Versions/A/Frameworks/SpeechSynthesis.framework/Versions/A/SpeechSynthesis
0x0000000006d24000 	/System/Library/Frameworks/Accelerate.framework/Versions/A/Accelerate
0x0000000006d24000 	/System/Library/Frameworks/Accelerate.framework/Versions/A/Frameworks/vImage.framework/Versions/A/vImage
0x0000000006d24000 	/System/Library/Frameworks/Accelerate.framework/Versions/A/Frameworks/vecLib.framework/Versions/A/vecLib
0x0000000006d24000 	/System/Library/Frameworks/Accelerate.framework/Versions/A/Frameworks/vecLib.framework/Versions/A/libvDSP.dylib
0x0000000006d24000 	/System/Library/Frameworks/Accelerate.framework/Versions/A/Frameworks/vecLib.framework/Versions/A/libvMisc.dylib
0x0000000006d24000 	/System/Library/Frameworks/Accelerate.framework/Versions/A/Frameworks/vecLib.framework/Versions/A/libLAPACK.dylib
0x0000000006d24000 	/System/Library/Frameworks/Accelerate.framework/Versions/A/Frameworks/vecLib.framework/Versions/A/libBLAS.dylib
0x0000000006d24000 	/System/Library/Frameworks/Accelerate.framework/Versions/A/Frameworks/vecLib.framework/Versions/A/libLinearAlgebra.dylib
0x0000000006d24000 	/System/Library/Frameworks/ApplicationServices.framework/Versions/A/Frameworks/ATS.framework/Versions/A/Resources/libFontParser.dylib
0x0000000006d24000 	/System/Library/Frameworks/ApplicationServices.framework/Versions/A/Frameworks/ATS.framework/Versions/A/Resources/libFontRegistry.dylib
0x0000000006d24000 	/System/Library/PrivateFrameworks/AppleVPA.framework/Versions/A/AppleVPA
0x0000000006d24000 	/System/Library/PrivateFrameworks/AppleJPEG.framework/Versions/A/AppleJPEG
0x0000000006d24000 	/System/Library/Frameworks/ImageIO.framework/Versions/A/Resources/libJPEG.dylib
0x0000000006d24000 	/System/Library/Frameworks/ImageIO.framework/Versions/A/Resources/libTIFF.dylib
0x0000000006d24000 	/System/Library/Frameworks/ImageIO.framework/Versions/A/Resources/libPng.dylib
0x0000000006d24000 	/System/Library/Frameworks/ImageIO.framework/Versions/A/Resources/libGIF.dylib
0x0000000006d24000 	/System/Library/Frameworks/ImageIO.framework/Versions/A/Resources/libJP2.dylib
0x0000000006d24000 	/System/Library/Frameworks/ImageIO.framework/Versions/A/Resources/libRadiance.dylib
0x0000000006d24000 	/System/Library/Frameworks/CoreVideo.framework/Versions/A/CoreVideo
0x0000000006d24000 	/System/Library/Frameworks/OpenGL.framework/Versions/A/Libraries/libGLU.dylib
0x0000000006d24000 	/System/Library/Frameworks/OpenGL.framework/Versions/A/Libraries/libGFXShared.dylib
0x0000000006d24000 	/System/Library/Frameworks/OpenGL.framework/Versions/A/Libraries/libGL.dylib
0x0000000006d24000 	/System/Library/Frameworks/OpenGL.framework/Versions/A/Libraries/libGLImage.dylib
0x0000000006d24000 	/System/Library/Frameworks/OpenGL.framework/Versions/A/Libraries/libCVMSPluginSupport.dylib
0x0000000006d24000 	/System/Library/Frameworks/OpenGL.framework/Versions/A/Libraries/libCoreVMClient.dylib
0x0000000006d24000 	/usr/lib/libcups.2.dylib
0x0000000006d24000 	/System/Library/Frameworks/Kerberos.framework/Versions/A/Kerberos
0x0000000006d24000 	/System/Library/Frameworks/GSS.framework/Versions/A/GSS
0x0000000006d24000 	/usr/lib/libresolv.9.dylib
0x0000000006d24000 	/usr/lib/libiconv.2.dylib
0x0000000006d24000 	/System/Library/PrivateFrameworks/Heimdal.framework/Versions/A/Heimdal
0x0000000006d24000 	/usr/lib/libheimdal-asn1.dylib
0x0000000006d24000 	/System/Library/Frameworks/OpenDirectory.framework/Versions/A/OpenDirectory
0x0000000006d24000 	/System/Library/PrivateFrameworks/CommonAuth.framework/Versions/A/CommonAuth
0x0000000006d24000 	/System/Library/Frameworks/OpenDirectory.framework/Versions/A/Frameworks/CFOpenDirectory.framework/Versions/A/CFOpenDirectory
0x0000000006d24000 	/System/Library/Frameworks/SecurityFoundation.framework/Versions/A/SecurityFoundation
0x0000000006d24000 	/System/Library/PrivateFrameworks/LanguageModeling.framework/Versions/A/LanguageModeling
0x0000000006d24000 	/usr/lib/libcmph.dylib
0x0000000006d24000 	/System/Library/Frameworks/ServiceManagement.framework/Versions/A/ServiceManagement
0x0000000006d24000 	/usr/lib/libxslt.1.dylib
0x0000000006d24000 	/System/Library/Frameworks/Carbon.framework/Versions/A/Frameworks/Ink.framework/Versions/A/Ink
0x0000000006d24000 	/System/Library/Frameworks/QuartzCore.framework/Versions/A/Frameworks/CoreImage.framework/Versions/A/CoreImage
0x0000000006d24000 	/System/Library/PrivateFrameworks/CrashReporterSupport.framework/Versions/A/CrashReporterSupport
0x0000000006d24000 	/System/Library/Frameworks/OpenCL.framework/Versions/A/OpenCL
0x0000000006d24000 	/System/Library/PrivateFrameworks/FaceCore.framework/Versions/A/FaceCore
0x0000000006d24000 	/System/Library/PrivateFrameworks/Ubiquity.framework/Versions/A/Ubiquity
0x0000000006d24000 	/System/Library/PrivateFrameworks/IconServices.framework/Versions/A/IconServices
0x0000000006d24000 	/System/Library/PrivateFrameworks/ChunkingLibrary.framework/Versions/A/ChunkingLibrary
0x0000000006d24000 	/System/Library/PrivateFrameworks/Apple80211.framework/Versions/A/Apple80211
0x0000000006d24000 	/System/Library/Frameworks/CoreWLAN.framework/Versions/A/CoreWLAN
0x0000000006d24000 	/System/Library/Frameworks/IOBluetooth.framework/Versions/A/IOBluetooth
0x0000000006d24000 	/System/Library/PrivateFrameworks/CoreWiFi.framework/Versions/A/CoreWiFi
0x0000000006d24000 	/System/Library/Frameworks/CoreBluetooth.framework/Versions/A/CoreBluetooth
0x0000000006d24000 	/System/Library/PrivateFrameworks/DebugSymbols.framework/Versions/A/DebugSymbols
0x0000000006d24000 	/System/Library/PrivateFrameworks/CoreSymbolication.framework/Versions/A/CoreSymbolication
0x0000000006d24000 	/System/Library/PrivateFrameworks/Symbolication.framework/Versions/A/Symbolication
0x0000000006d24000 	/System/Library/PrivateFrameworks/SpeechRecognitionCore.framework/Versions/A/SpeechRecognitionCore
0x000000010c8d9000 	/Library/Java/JavaVirtualMachines/jdk1.8.0_20.jdk/Contents/Home/jre/lib/server/libjvm.dylib
0x0000000006d24000 	/usr/lib/libstdc++.6.dylib
0x000000010d8f7000 	/Library/Java/JavaVirtualMachines/jdk1.8.0_20.jdk/Contents/Home/jre/lib/libverify.dylib
0x000000010d905000 	/Library/Java/JavaVirtualMachines/jdk1.8.0_20.jdk/Contents/Home/jre/lib/libjava.dylib
0x000000010d95a000 	/Library/Java/JavaVirtualMachines/jdk1.8.0_20.jdk/Contents/Home/jre/lib/libzip.dylib
0x00000001241e4000 	/System/Library/Frameworks/JavaVM.framework/Frameworks/JavaRuntimeSupport.framework/JavaRuntimeSupport
0x00000001241fc000 	/System/Library/Frameworks/JavaVM.framework/Versions/A/Frameworks/JavaNativeFoundation.framework/Versions/A/JavaNativeFoundation
0x0000000124211000 	/System/Library/Frameworks/JavaVM.framework/Versions/A/JavaVM
0x0000000006d24000 	/System/Library/Frameworks/Carbon.framework/Versions/A/Carbon
0x000000010d9f4000 	/System/Library/PrivateFrameworks/JavaLaunching.framework/Versions/A/JavaLaunching
0x0000000006d24000 	/System/Library/Frameworks/Carbon.framework/Versions/A/Frameworks/CommonPanels.framework/Versions/A/CommonPanels
0x0000000006d24000 	/System/Library/Frameworks/Carbon.framework/Versions/A/Frameworks/Help.framework/Versions/A/Help
0x0000000006d24000 	/System/Library/Frameworks/Carbon.framework/Versions/A/Frameworks/ImageCapture.framework/Versions/A/ImageCapture
0x0000000006d24000 	/System/Library/Frameworks/Carbon.framework/Versions/A/Frameworks/OpenScripting.framework/Versions/A/OpenScripting
0x0000000006d24000 	/System/Library/Frameworks/Carbon.framework/Versions/A/Frameworks/Print.framework/Versions/A/Print
0x0000000006d24000 	/System/Library/Frameworks/Carbon.framework/Versions/A/Frameworks/SecurityHI.framework/Versions/A/SecurityHI
0x00000001261fc000 	/Library/Java/JavaVirtualMachines/jdk1.8.0_20.jdk/Contents/Home/jre/lib/libprism_es2.dylib
0x0000000126279000 	/System/Library/Frameworks/OpenGL.framework/Resources/GLEngine.bundle/GLEngine
0x0000000006d24000 	/System/Library/Frameworks/OpenGL.framework/Versions/A/Libraries/libGLProgrammability.dylib
0x0000000000000000 	/System/Library/Extensions/AppleIntelHD5000GraphicsGLDriver.bundle/Contents/MacOS/AppleIntelHD5000GraphicsGLDriver
0x0000000006d24000 	/System/Library/PrivateFrameworks/IOAccelerator.framework/Versions/A/IOAccelerator
0x0000000006d24000 	/System/Library/PrivateFrameworks/GPUSupport.framework/Versions/A/Libraries/libGPUSupportMercury.dylib
0x0000000126469000 	/System/Library/Frameworks/OpenGL.framework/Resources//GLRendererFloat.bundle/GLRendererFloat
0x0000000006d24000 	/System/Library/Frameworks/OpenCL.framework/Versions/A/Libraries/libcldcpuengine.dylib
0x0000000006d24000 	/System/Library/PrivateFrameworks/DiskImages.framework/Versions/A/DiskImages
0x0000000006d24000 	/System/Library/Frameworks/DiscRecording.framework/Versions/A/DiscRecording
0x0000000006d24000 	/usr/lib/libcsfde.dylib
0x0000000006d24000 	/usr/lib/libcurl.4.dylib
0x0000000006d24000 	/System/Library/PrivateFrameworks/MediaKit.framework/Versions/A/MediaKit
0x0000000006d24000 	/System/Library/PrivateFrameworks/ProtectedCloudStorage.framework/Versions/A/ProtectedCloudStorage
0x0000000006d24000 	/usr/lib/libCoreStorage.dylib
0x0000000006d24000 	/System/Library/PrivateFrameworks/EFILogin.framework/Versions/A/EFILogin
0x0000000006d24000 	/usr/lib/libutil.dylib
0x0000000006d24000 	/System/Library/PrivateFrameworks/FindMyDevice.framework/Versions/A/FindMyDevice
0x0000000006d24000 	/System/Library/Frameworks/LDAP.framework/Versions/A/LDAP
0x0000000006d24000 	/usr/lib/libsasl2.2.dylib
0x0000000006d24000 	/System/Library/PrivateFrameworks/CoreDaemon.framework/Versions/B/CoreDaemon
0x0000000006d24000 	/usr/lib/libcrypto.0.9.8.dylib
0x0000000006d24000 	/System/Library/PrivateFrameworks/AppleSRP.framework/Versions/A/AppleSRP
0x0000000006d24000 	/System/Library/PrivateFrameworks/TrustEvaluationAgent.framework/Versions/A/TrustEvaluationAgent
0x00000001268c7000 	/Library/Java/JavaVirtualMachines/jdk1.8.0_20.jdk/Contents/Home/jre/lib/libglass.dylib
0x0000000006d24000 	/System/Library/PrivateFrameworks/CoreServicesInternal.framework/Versions/A/CoreServicesInternal
0x0000000006d24000 	/System/Library/PrivateFrameworks/CloudDocs.framework/Versions/A/CloudDocs
0x0000000006d24000 	/System/Library/PrivateFrameworks/CoreDuet.framework/Versions/A/CoreDuet
0x0000000006d24000 	/System/Library/Frameworks/CloudKit.framework/Versions/A/CloudKit
0x0000000006d24000 	/System/Library/PrivateFrameworks/ProtocolBuffer.framework/Versions/A/ProtocolBuffer
0x0000000006d24000 	/System/Library/PrivateFrameworks/CoreDuetDaemonProtocol.framework/Versions/A/CoreDuetDaemonProtocol
0x0000000006d24000 	/System/Library/PrivateFrameworks/CoreDuetDebugLogging.framework/Versions/A/CoreDuetDebugLogging
0x0000000006d24000 	/System/Library/Frameworks/CoreLocation.framework/Versions/A/CoreLocation
0x0000000006d24000 	/System/Library/Frameworks/Accounts.framework/Versions/A/Accounts
0x0000000006d24000 	/System/Library/PrivateFrameworks/ApplePushService.framework/Versions/A/ApplePushService
0x0000000006d24000 	/System/Library/PrivateFrameworks/GeoServices.framework/Versions/A/GeoServices
0x0000000006d24000 	/System/Library/PrivateFrameworks/OAuth.framework/Versions/A/OAuth
0x0000000127ce6000 	/System/Library/Frameworks/CoreGraphics.framework/Versions/A/Resources/libCGCMS.A.dylib
0x0000000006d24000 	/System/Library/CoreServices/RawCamera.bundle/Contents/MacOS/RawCamera
0x0000000127e19000 	/System/Library/Frameworks/CoreGraphics.framework/Versions/A/Resources/libRIP.A.dylib
0x0000000006d24000 	/System/Library/PrivateFrameworks/FamilyControls.framework/Versions/A/FamilyControls
0x0000000006d24000 	/System/Library/PrivateFrameworks/CommerceKit.framework/Versions/A/Frameworks/CommerceCore.framework/Versions/A/CommerceCore
0x0000000006d24000 	/System/Library/PrivateFrameworks/SystemAdministration.framework/Versions/A/SystemAdministration
0x0000000006d24000 	/System/Library/PrivateFrameworks/AppContainer.framework/Versions/A/AppContainer
0x0000000006d24000 	/System/Library/PrivateFrameworks/SecCodeWrapper.framework/Versions/A/SecCodeWrapper
0x0000000006d24000 	/System/Library/Frameworks/DirectoryService.framework/Versions/A/DirectoryService
0x0000000006d24000 	/System/Library/PrivateFrameworks/LoginUIKit.framework/Versions/A/Frameworks/LoginUICore.framework/Versions/A/LoginUICore
0x0000000006d24000 	/usr/lib/libodfde.dylib

VM Arguments:
jvm_args: -Dfile.encoding=UTF-8 
java_command: Game.Game
java_class_path (initial): /Users/Feerny/Documents/workspace/BloodyStreetFighter/bin
Launcher Type: SUN_STANDARD

Environment Variables:
PATH=/usr/bin:/bin:/usr/sbin:/sbin
SHELL=/bin/bash

Signal Handlers:
SIGSEGV: [libjvm.dylib+0x578fd7], sa_mask[0]=11111111011111110111111111111111, sa_flags=SA_ONSTACK|SA_RESTART|SA_SIGINFO
SIGBUS: [libjvm.dylib+0x578fd7], sa_mask[0]=11111111011111110111111111111111, sa_flags=SA_RESTART|SA_SIGINFO
SIGFPE: [libjvm.dylib+0x45ab0c], sa_mask[0]=11111111011111110111111111111111, sa_flags=SA_RESTART|SA_SIGINFO
SIGPIPE: [libjvm.dylib+0x45ab0c], sa_mask[0]=11111111011111110111111111111111, sa_flags=SA_RESTART|SA_SIGINFO
SIGXFSZ: [libjvm.dylib+0x45ab0c], sa_mask[0]=11111111011111110111111111111111, sa_flags=SA_RESTART|SA_SIGINFO
SIGILL: [libjvm.dylib+0x45ab0c], sa_mask[0]=11111111011111110111111111111111, sa_flags=SA_RESTART|SA_SIGINFO
SIGUSR1: SIG_DFL, sa_mask[0]=00000000000000000000000000000000, sa_flags=none
SIGUSR2: [libjvm.dylib+0x45a62a], sa_mask[0]=00100000000000000000000000000000, sa_flags=SA_RESTART|SA_SIGINFO
SIGHUP: [libjvm.dylib+0x458bfd], sa_mask[0]=11111111011111110111111111111111, sa_flags=SA_RESTART|SA_SIGINFO
SIGINT: [libjvm.dylib+0x458bfd], sa_mask[0]=11111111011111110111111111111111, sa_flags=SA_RESTART|SA_SIGINFO
SIGTERM: [libjvm.dylib+0x458bfd], sa_mask[0]=11111111011111110111111111111111, sa_flags=SA_RESTART|SA_SIGINFO
SIGQUIT: [libjvm.dylib+0x458bfd], sa_mask[0]=11111111011111110111111111111111, sa_flags=SA_RESTART|SA_SIGINFO


---------------  S Y S T E M  ---------------

OS:Bsduname:Darwin 14.1.0 Darwin Kernel Version 14.1.0: Fri Jan 16 00:52:25 PST 2015; root:xnu-2782.10.72~5/RELEASE_X86_64 x86_64
rlimit: STACK 8192k, CORE 0k, NPROC 709, NOFILE 10240, AS infinity
load average:1.97 1.52 1.39

CPU:total 4 (2 cores per cpu, 2 threads per core) family 6 model 69 stepping 1, cmov, cx8, fxsr, mmx, sse, sse2, sse3, ssse3, sse4.1, sse4.2, popcnt, avx, avx2, aes, clmul, erms, rtm, lzcnt, ht, tsc, tscinvbit, bmi1, bmi2

Memory: 4k page, physical 8388608k(3585912k free)

/proc/meminfo:


vm_info: Java HotSpot(TM) 64-Bit Server VM (25.20-b23) for bsd-amd64 JRE (1.8.0_20-b26), built on Jul 30 2014 13:37:47 by "java_re" with gcc 4.2.1 (Based on Apple Inc. build 5658) (LLVM build 2336.9.00)

time: Wed Jan 28 14:22:11 2015
elapsed time: 0 seconds (0d 0h 0m 0s)

